  [1m[35m (16.3ms)[0m  [1m[35mCREATE TABLE "schema_migrations" ("version" character varying NOT NULL PRIMARY KEY)[0m
  [1m[35m (5.6ms)[0m  [1m[35mCREATE TABLE "ar_internal_metadata" ("key" character varying NOT NULL PRIMARY KEY, "value" character varying, "created_at" timestamp NOT NULL, "updated_at" timestamp NOT NULL)[0m
  [1m[35m (0.3ms)[0m  [1m[34mSELECT pg_try_advisory_lock(5752270507362695820)[0m
  [1m[35m (3.3ms)[0m  [1m[34mSELECT "schema_migrations"."version" FROM "schema_migrations" ORDER BY "schema_migrations"."version" ASC[0m
Migrating to CreateChefs (20171012164700)
  [1m[35m (0.3ms)[0m  [1m[35mBEGIN[0m
  [1m[35m (16.5ms)[0m  [1m[35mCREATE TABLE "chefs" ("id" bigserial primary key, "name" character varying, "role" character varying, "patisserie_id" bigint, "created_at" timestamp NOT NULL, "updated_at" timestamp NOT NULL, CONSTRAINT "fk_rails_222c5309dc"
FOREIGN KEY ("patisserie_id")
  REFERENCES "patisseries" ("id")
)[0m
  [1m[35m (0.2ms)[0m  [1m[31mROLLBACK[0m
  [1m[35m (0.4ms)[0m  [1m[34mSELECT pg_advisory_unlock(5752270507362695820)[0m
  [1m[35m (1.5ms)[0m  [1m[34mSELECT "schema_migrations"."version" FROM "schema_migrations" ORDER BY "schema_migrations"."version" ASC[0m
  [1m[35m (0.4ms)[0m  [1m[34mSELECT "schema_migrations"."version" FROM "schema_migrations" ORDER BY "schema_migrations"."version" ASC[0m
  [1m[35m (134.7ms)[0m  [1m[35mDROP DATABASE IF EXISTS "patisserie_development"[0m
  [1m[35m (130.1ms)[0m  [1m[35mDROP DATABASE IF EXISTS "patisserie_test"[0m
  [1m[35m (13.3ms)[0m  [1m[35mCREATE TABLE "schema_migrations" ("version" character varying NOT NULL PRIMARY KEY)[0m
  [1m[35m (5.7ms)[0m  [1m[35mCREATE TABLE "ar_internal_metadata" ("key" character varying NOT NULL PRIMARY KEY, "value" character varying, "created_at" timestamp NOT NULL, "updated_at" timestamp NOT NULL)[0m
  [1m[35m (0.3ms)[0m  [1m[34mSELECT pg_try_advisory_lock(5752270507362695820)[0m
  [1m[35m (3.4ms)[0m  [1m[34mSELECT "schema_migrations"."version" FROM "schema_migrations" ORDER BY "schema_migrations"."version" ASC[0m
Migrating to CreateBakeries (20171012165401)
  [1m[35m (0.3ms)[0m  [1m[35mBEGIN[0m
  [1m[35m (7.6ms)[0m  [1m[35mCREATE TABLE "bakeries" ("id" bigserial primary key, "name" character varying, "location" character varying, "created_at" timestamp NOT NULL, "updated_at" timestamp NOT NULL)[0m
  [1m[35mSQL (1.1ms)[0m  [1m[32mINSERT INTO "schema_migrations" ("version") VALUES ($1) RETURNING "version"[0m  [["version", "20171012165401"]]
  [1m[35m (0.7ms)[0m  [1m[35mCOMMIT[0m
Migrating to CreateChefs (20171012170507)
  [1m[35m (0.4ms)[0m  [1m[35mBEGIN[0m
  [1m[35m (10.9ms)[0m  [1m[35mCREATE TABLE "chefs" ("id" bigserial primary key, "name" character varying, "role" character varying, "bakery_id" bigint, "created_at" timestamp NOT NULL, "updated_at" timestamp NOT NULL, CONSTRAINT "fk_rails_c39ab1356c"
FOREIGN KEY ("bakery_id")
  REFERENCES "bakeries" ("id")
)[0m
  [1m[35m (1.5ms)[0m  [1m[35mCREATE  INDEX  "index_chefs_on_bakery_id" ON "chefs"  ("bakery_id")[0m
  [1m[35mSQL (0.8ms)[0m  [1m[32mINSERT INTO "schema_migrations" ("version") VALUES ($1) RETURNING "version"[0m  [["version", "20171012170507"]]
  [1m[35m (0.8ms)[0m  [1m[35mCOMMIT[0m
Migrating to CreateItems (20171012170543)
  [1m[35m (0.5ms)[0m  [1m[35mBEGIN[0m
  [1m[35m (9.6ms)[0m  [1m[35mCREATE TABLE "items" ("id" bigserial primary key, "name" character varying, "price" float, "quantity" integer, "created_at" timestamp NOT NULL, "updated_at" timestamp NOT NULL)[0m
  [1m[35mSQL (0.5ms)[0m  [1m[32mINSERT INTO "schema_migrations" ("version") VALUES ($1) RETURNING "version"[0m  [["version", "20171012170543"]]
  [1m[35m (0.7ms)[0m  [1m[35mCOMMIT[0m
Migrating to CreateJoinTableChefsItems (20171012170750)
  [1m[35m (0.4ms)[0m  [1m[35mBEGIN[0m
  [1m[35m (2.5ms)[0m  [1m[35mCREATE TABLE "chefs_items" ("chef_id" bigint NOT NULL, "item_id" bigint NOT NULL)[0m
  [1m[35mSQL (0.5ms)[0m  [1m[32mINSERT INTO "schema_migrations" ("version") VALUES ($1) RETURNING "version"[0m  [["version", "20171012170750"]]
  [1m[35m (1.3ms)[0m  [1m[35mCOMMIT[0m
  [1m[36mActiveRecord::InternalMetadata Load (3.2ms)[0m  [1m[34mSELECT  "ar_internal_metadata".* FROM "ar_internal_metadata" WHERE "ar_internal_metadata"."key" = $1 LIMIT $2[0m  [["key", "environment"], ["LIMIT", 1]]
  [1m[35m (0.4ms)[0m  [1m[35mBEGIN[0m
  [1m[35mSQL (0.8ms)[0m  [1m[32mINSERT INTO "ar_internal_metadata" ("key", "value", "created_at", "updated_at") VALUES ($1, $2, $3, $4) RETURNING "key"[0m  [["key", "environment"], ["value", "development"], ["created_at", "2017-10-12 17:21:30.212202"], ["updated_at", "2017-10-12 17:21:30.212202"]]
  [1m[35m (0.6ms)[0m  [1m[35mCOMMIT[0m
  [1m[35m (0.4ms)[0m  [1m[34mSELECT pg_advisory_unlock(5752270507362695820)[0m
  [1m[35m (0.7ms)[0m  [1m[34mSELECT "schema_migrations"."version" FROM "schema_migrations" ORDER BY "schema_migrations"."version" ASC[0m
  [1m[35m (1.6ms)[0m  [1m[34mSELECT "schema_migrations"."version" FROM "schema_migrations" ORDER BY "schema_migrations"."version" ASC[0m
  [1m[35m (12.3ms)[0m  [1m[35mTRUNCATE bakeries RESTART IDENTITY CASCADE[0m
  [1m[35m (14.7ms)[0m  [1m[35mTRUNCATE chefs RESTART IDENTITY CASCADE[0m
  [1m[35m (4.9ms)[0m  [1m[35mTRUNCATE items RESTART IDENTITY CASCADE[0m
  [1m[35m (0.3ms)[0m  [1m[35mBEGIN[0m
  [1m[35mSQL (3.3ms)[0m  [1m[32mINSERT INTO "bakeries" ("name", "location", "created_at", "updated_at") VALUES ($1, $2, $3, $4) RETURNING "id"[0m  [["name", "Crosstown Doughnuts"], ["location", "Brick Lane"], ["created_at", "2017-10-12 18:08:13.843261"], ["updated_at", "2017-10-12 18:08:13.843261"]]
  [1m[35m (0.7ms)[0m  [1m[35mCOMMIT[0m
  [1m[35m (0.1ms)[0m  [1m[35mBEGIN[0m
  [1m[35mSQL (0.5ms)[0m  [1m[32mINSERT INTO "bakeries" ("name", "location", "created_at", "updated_at") VALUES ($1, $2, $3, $4) RETURNING "id"[0m  [["name", "Beigel Bake"], ["location", "Brick Lane"], ["created_at", "2017-10-12 18:08:13.849894"], ["updated_at", "2017-10-12 18:08:13.849894"]]
  [1m[35m (0.6ms)[0m  [1m[35mCOMMIT[0m
  [1m[35m (0.1ms)[0m  [1m[35mBEGIN[0m
  [1m[35mSQL (0.5ms)[0m  [1m[32mINSERT INTO "bakeries" ("name", "location", "created_at", "updated_at") VALUES ($1, $2, $3, $4) RETURNING "id"[0m  [["name", "Cutter and Squidge"], ["location", "Soho"], ["created_at", "2017-10-12 18:08:13.852910"], ["updated_at", "2017-10-12 18:08:13.852910"]]
  [1m[35m (0.5ms)[0m  [1m[35mCOMMIT[0m
  [1m[35m (1.9ms)[0m  [1m[34mSELECT "schema_migrations"."version" FROM "schema_migrations" ORDER BY "schema_migrations"."version" ASC[0m
  [1m[35m (10.9ms)[0m  [1m[35mTRUNCATE bakeries RESTART IDENTITY CASCADE[0m
  [1m[35m (14.5ms)[0m  [1m[35mTRUNCATE chefs RESTART IDENTITY CASCADE[0m
  [1m[35m (5.0ms)[0m  [1m[35mTRUNCATE items RESTART IDENTITY CASCADE[0m
  [1m[35m (0.7ms)[0m  [1m[35mBEGIN[0m
  [1m[35mSQL (3.9ms)[0m  [1m[32mINSERT INTO "bakeries" ("name", "location", "created_at", "updated_at") VALUES ($1, $2, $3, $4) RETURNING "id"[0m  [["name", "Crosstown Doughnuts"], ["location", "Brick Lane"], ["created_at", "2017-10-12 18:08:43.601460"], ["updated_at", "2017-10-12 18:08:43.601460"]]
  [1m[35m (0.4ms)[0m  [1m[35mCOMMIT[0m
  [1m[35m (0.2ms)[0m  [1m[35mBEGIN[0m
  [1m[35mSQL (0.6ms)[0m  [1m[32mINSERT INTO "bakeries" ("name", "location", "created_at", "updated_at") VALUES ($1, $2, $3, $4) RETURNING "id"[0m  [["name", "Beigel Bake"], ["location", "Brick Lane"], ["created_at", "2017-10-12 18:08:43.608912"], ["updated_at", "2017-10-12 18:08:43.608912"]]
  [1m[35m (0.6ms)[0m  [1m[35mCOMMIT[0m
  [1m[35m (0.1ms)[0m  [1m[35mBEGIN[0m
  [1m[35mSQL (0.5ms)[0m  [1m[32mINSERT INTO "bakeries" ("name", "location", "created_at", "updated_at") VALUES ($1, $2, $3, $4) RETURNING "id"[0m  [["name", "Cutter and Squidge"], ["location", "Soho"], ["created_at", "2017-10-12 18:08:43.612091"], ["updated_at", "2017-10-12 18:08:43.612091"]]
  [1m[35m (0.5ms)[0m  [1m[35mCOMMIT[0m
  [1m[35m (0.2ms)[0m  [1m[35mBEGIN[0m
  [1m[36mBakery Load (0.5ms)[0m  [1m[34mSELECT  "bakeries".* FROM "bakeries" WHERE "bakeries"."id" = $1 LIMIT $2[0m  [["id", 1], ["LIMIT", 1]]
  [1m[35mSQL (7.2ms)[0m  [1m[32mINSERT INTO "chefs" ("name", "role", "bakery_id", "created_at", "updated_at") VALUES ($1, $2, $3, $4, $5) RETURNING "id"[0m  [["name", "Donnie"], ["role", "Doughnuts"], ["bakery_id", 1], ["created_at", "2017-10-12 18:08:43.664593"], ["updated_at", "2017-10-12 18:08:43.664593"]]
  [1m[35m (0.5ms)[0m  [1m[35mCOMMIT[0m
  [1m[35m (0.2ms)[0m  [1m[35mBEGIN[0m
  [1m[36mBakery Load (0.5ms)[0m  [1m[34mSELECT  "bakeries".* FROM "bakeries" WHERE "bakeries"."id" = $1 LIMIT $2[0m  [["id", 2], ["LIMIT", 1]]
  [1m[35mSQL (0.9ms)[0m  [1m[32mINSERT INTO "chefs" ("name", "role", "bakery_id", "created_at", "updated_at") VALUES ($1, $2, $3, $4, $5) RETURNING "id"[0m  [["name", "Barbara"], ["role", "Sandwiches"], ["bakery_id", 2], ["created_at", "2017-10-12 18:08:43.677533"], ["updated_at", "2017-10-12 18:08:43.677533"]]
  [1m[35m (0.4ms)[0m  [1m[35mCOMMIT[0m
  [1m[35m (0.2ms)[0m  [1m[35mBEGIN[0m
  [1m[36mBakery Load (0.4ms)[0m  [1m[34mSELECT  "bakeries".* FROM "bakeries" WHERE "bakeries"."id" = $1 LIMIT $2[0m  [["id", 3], ["LIMIT", 1]]
  [1m[35mSQL (0.8ms)[0m  [1m[32mINSERT INTO "chefs" ("name", "role", "bakery_id", "created_at", "updated_at") VALUES ($1, $2, $3, $4, $5) RETURNING "id"[0m  [["name", "Blanche"], ["role", "Choux"], ["bakery_id", 3], ["created_at", "2017-10-12 18:08:43.683275"], ["updated_at", "2017-10-12 18:08:43.683275"]]
  [1m[35m (0.5ms)[0m  [1m[35mCOMMIT[0m
  [1m[35m (0.2ms)[0m  [1m[35mBEGIN[0m
  [1m[35mSQL (3.4ms)[0m  [1m[32mINSERT INTO "items" ("name", "price", "quantity", "created_at", "updated_at") VALUES ($1, $2, $3, $4, $5) RETURNING "id"[0m  [["name", "Canadian Maple"], ["price", 1.0], ["quantity", 13], ["created_at", "2017-10-12 18:08:43.703794"], ["updated_at", "2017-10-12 18:08:43.703794"]]
  [1m[35m (0.6ms)[0m  [1m[35mCOMMIT[0m
  [1m[35m (0.1ms)[0m  [1m[35mBEGIN[0m
  [1m[35mSQL (0.5ms)[0m  [1m[32mINSERT INTO "items" ("name", "price", "quantity", "created_at", "updated_at") VALUES ($1, $2, $3, $4, $5) RETURNING "id"[0m  [["name", "Salt Beef"], ["price", 3.75], ["quantity", 2], ["created_at", "2017-10-12 18:08:43.710344"], ["updated_at", "2017-10-12 18:08:43.710344"]]
  [1m[35m (0.6ms)[0m  [1m[35mCOMMIT[0m
  [1m[35m (0.1ms)[0m  [1m[35mBEGIN[0m
  [1m[35mSQL (0.5ms)[0m  [1m[32mINSERT INTO "items" ("name", "price", "quantity", "created_at", "updated_at") VALUES ($1, $2, $3, $4, $5) RETURNING "id"[0m  [["name", "Apple Carame Biskie"], ["price", 10.0], ["quantity", 6], ["created_at", "2017-10-12 18:08:43.713416"], ["updated_at", "2017-10-12 18:08:43.713416"]]
  [1m[35m (0.6ms)[0m  [1m[35mCOMMIT[0m
Started PUT "/api/bakeries" for 127.0.0.1 at 2017-10-12 19:15:19 +0100
  [1m[35m (1.6ms)[0m  [1m[34mSELECT "schema_migrations"."version" FROM "schema_migrations" ORDER BY "schema_migrations"."version" ASC[0m
  
ActionController::RoutingError (No route matches [PUT] "/api/bakeries"):
  
actionpack (5.1.4) lib/action_dispatch/middleware/debug_exceptions.rb:63:in `call'
actionpack (5.1.4) lib/action_dispatch/middleware/show_exceptions.rb:31:in `call'
railties (5.1.4) lib/rails/rack/logger.rb:36:in `call_app'
railties (5.1.4) lib/rails/rack/logger.rb:24:in `block in call'
activesupport (5.1.4) lib/active_support/tagged_logging.rb:69:in `block in tagged'
activesupport (5.1.4) lib/active_support/tagged_logging.rb:26:in `tagged'
activesupport (5.1.4) lib/active_support/tagged_logging.rb:69:in `tagged'
railties (5.1.4) lib/rails/rack/logger.rb:24:in `call'
actionpack (5.1.4) lib/action_dispatch/middleware/remote_ip.rb:79:in `call'
actionpack (5.1.4) lib/action_dispatch/middleware/request_id.rb:25:in `call'
rack (2.0.3) lib/rack/runtime.rb:22:in `call'
activesupport (5.1.4) lib/active_support/cache/strategy/local_cache_middleware.rb:27:in `call'
actionpack (5.1.4) lib/action_dispatch/middleware/executor.rb:12:in `call'
actionpack (5.1.4) lib/action_dispatch/middleware/static.rb:125:in `call'
rack (2.0.3) lib/rack/sendfile.rb:111:in `call'
rack-cors (1.0.1) lib/rack/cors.rb:93:in `call'
railties (5.1.4) lib/rails/engine.rb:522:in `call'
puma (3.10.0) lib/puma/configuration.rb:225:in `call'
puma (3.10.0) lib/puma/server.rb:605:in `handle_request'
puma (3.10.0) lib/puma/server.rb:437:in `process_client'
puma (3.10.0) lib/puma/server.rb:301:in `block in run'
puma (3.10.0) lib/puma/thread_pool.rb:120:in `block in spawn_thread'
Started PUT "/api/items" for 127.0.0.1 at 2017-10-12 19:16:02 +0100
  
ActionController::RoutingError (No route matches [PUT] "/api/items"):
  
actionpack (5.1.4) lib/action_dispatch/middleware/debug_exceptions.rb:63:in `call'
actionpack (5.1.4) lib/action_dispatch/middleware/show_exceptions.rb:31:in `call'
railties (5.1.4) lib/rails/rack/logger.rb:36:in `call_app'
railties (5.1.4) lib/rails/rack/logger.rb:24:in `block in call'
activesupport (5.1.4) lib/active_support/tagged_logging.rb:69:in `block in tagged'
activesupport (5.1.4) lib/active_support/tagged_logging.rb:26:in `tagged'
activesupport (5.1.4) lib/active_support/tagged_logging.rb:69:in `tagged'
railties (5.1.4) lib/rails/rack/logger.rb:24:in `call'
actionpack (5.1.4) lib/action_dispatch/middleware/remote_ip.rb:79:in `call'
actionpack (5.1.4) lib/action_dispatch/middleware/request_id.rb:25:in `call'
rack (2.0.3) lib/rack/runtime.rb:22:in `call'
activesupport (5.1.4) lib/active_support/cache/strategy/local_cache_middleware.rb:27:in `call'
actionpack (5.1.4) lib/action_dispatch/middleware/executor.rb:12:in `call'
actionpack (5.1.4) lib/action_dispatch/middleware/static.rb:125:in `call'
rack (2.0.3) lib/rack/sendfile.rb:111:in `call'
rack-cors (1.0.1) lib/rack/cors.rb:93:in `call'
railties (5.1.4) lib/rails/engine.rb:522:in `call'
puma (3.10.0) lib/puma/configuration.rb:225:in `call'
puma (3.10.0) lib/puma/server.rb:605:in `handle_request'
puma (3.10.0) lib/puma/server.rb:437:in `process_client'
puma (3.10.0) lib/puma/server.rb:301:in `block in run'
puma (3.10.0) lib/puma/thread_pool.rb:120:in `block in spawn_thread'
Started GET "/api/items" for 127.0.0.1 at 2017-10-12 19:16:29 +0100
Processing by ItemsController#index as */*
  Parameters: {"book"=>{"author_id"=>2}, "item"=>{}}
  [1m[36mItem Load (1.0ms)[0m  [1m[34mSELECT "items".* FROM "items"[0m
[active_model_serializers]   [1m[36mChef Load (3.9ms)[0m  [1m[34mSELECT "chefs".* FROM "chefs" INNER JOIN "chefs_items" ON "chefs"."id" = "chefs_items"."chef_id" WHERE "chefs_items"."item_id" = $1[0m  [["item_id", 1]]
[active_model_serializers]   [1m[36mChef Load (0.9ms)[0m  [1m[34mSELECT "chefs".* FROM "chefs" INNER JOIN "chefs_items" ON "chefs"."id" = "chefs_items"."chef_id" WHERE "chefs_items"."item_id" = $1[0m  [["item_id", 2]]
[active_model_serializers]   [1m[36mChef Load (0.6ms)[0m  [1m[34mSELECT "chefs".* FROM "chefs" INNER JOIN "chefs_items" ON "chefs"."id" = "chefs_items"."chef_id" WHERE "chefs_items"."item_id" = $1[0m  [["item_id", 3]]
[active_model_serializers] Rendered ActiveModel::Serializer::CollectionSerializer with ActiveModelSerializers::Adapter::Attributes (90.58ms)
Completed 200 OK in 160ms (Views: 136.7ms | ActiveRecord: 89.4ms)


Started PUT "/api/items/2" for 127.0.0.1 at 2017-10-12 19:17:07 +0100
Processing by ItemsController#update as */*
  Parameters: {"item"=>{"chef_id"=>2}, "id"=>"2"}
  [1m[36mItem Load (0.9ms)[0m  [1m[34mSELECT  "items".* FROM "items" WHERE "items"."id" = $1 LIMIT $2[0m  [["id", 2], ["LIMIT", 1]]
Unpermitted parameters: :item, :id
  [1m[35m (0.6ms)[0m  [1m[35mBEGIN[0m
  [1m[35m (0.3ms)[0m  [1m[35mCOMMIT[0m
[active_model_serializers]   [1m[36mChef Load (0.7ms)[0m  [1m[34mSELECT "chefs".* FROM "chefs" INNER JOIN "chefs_items" ON "chefs"."id" = "chefs_items"."chef_id" WHERE "chefs_items"."item_id" = $1[0m  [["item_id", 2]]
[active_model_serializers] Rendered ItemSerializer with ActiveModelSerializers::Adapter::Attributes (3.83ms)
Completed 200 OK in 16ms (Views: 4.3ms | ActiveRecord: 2.4ms)


Started PUT "/api/items/2" for 127.0.0.1 at 2017-10-12 19:17:17 +0100
Processing by ItemsController#update as */*
  Parameters: {"item"=>{"chef_id"=>2}, "id"=>"2"}
  [1m[36mItem Load (1.1ms)[0m  [1m[34mSELECT  "items".* FROM "items" WHERE "items"."id" = $1 LIMIT $2[0m  [["id", 2], ["LIMIT", 1]]
Unpermitted parameters: :item, :id
  [1m[35m (0.6ms)[0m  [1m[35mBEGIN[0m
  [1m[35m (0.3ms)[0m  [1m[35mCOMMIT[0m
[active_model_serializers]   [1m[36mChef Load (1.8ms)[0m  [1m[34mSELECT "chefs".* FROM "chefs" INNER JOIN "chefs_items" ON "chefs"."id" = "chefs_items"."chef_id" WHERE "chefs_items"."item_id" = $1[0m  [["item_id", 2]]
[active_model_serializers] Rendered ItemSerializer with ActiveModelSerializers::Adapter::Attributes (4.7ms)
Completed 200 OK in 11ms (Views: 3.6ms | ActiveRecord: 3.8ms)


Started PUT "/api/items/2" for 127.0.0.1 at 2017-10-12 19:19:49 +0100
Processing by ItemsController#update as */*
  Parameters: {"item"=>{"chef_id"=>2}, "id"=>"2"}
  [1m[36mItem Load (1.6ms)[0m  [1m[34mSELECT  "items".* FROM "items" WHERE "items"."id" = $1 LIMIT $2[0m  [["id", 2], ["LIMIT", 1]]
Unpermitted parameters: :item, :id
  [1m[35m (0.3ms)[0m  [1m[35mBEGIN[0m
  [1m[35m (0.3ms)[0m  [1m[35mCOMMIT[0m
[active_model_serializers]   [1m[36mChef Load (16.2ms)[0m  [1m[34mSELECT "chefs".* FROM "chefs" INNER JOIN "chefs_items" ON "chefs"."id" = "chefs_items"."chef_id" WHERE "chefs_items"."item_id" = $1[0m  [["item_id", 2]]
[active_model_serializers] Rendered ItemSerializer with ActiveModelSerializers::Adapter::Attributes (65.17ms)
Completed 200 OK in 151ms (Views: 33.4ms | ActiveRecord: 74.7ms)


Started PUT "/api/items" for 127.0.0.1 at 2017-10-12 19:23:18 +0100
  
ActionController::RoutingError (No route matches [PUT] "/api/items"):
  
actionpack (5.1.4) lib/action_dispatch/middleware/debug_exceptions.rb:63:in `call'
actionpack (5.1.4) lib/action_dispatch/middleware/show_exceptions.rb:31:in `call'
railties (5.1.4) lib/rails/rack/logger.rb:36:in `call_app'
railties (5.1.4) lib/rails/rack/logger.rb:24:in `block in call'
activesupport (5.1.4) lib/active_support/tagged_logging.rb:69:in `block in tagged'
activesupport (5.1.4) lib/active_support/tagged_logging.rb:26:in `tagged'
activesupport (5.1.4) lib/active_support/tagged_logging.rb:69:in `tagged'
railties (5.1.4) lib/rails/rack/logger.rb:24:in `call'
actionpack (5.1.4) lib/action_dispatch/middleware/remote_ip.rb:79:in `call'
actionpack (5.1.4) lib/action_dispatch/middleware/request_id.rb:25:in `call'
rack (2.0.3) lib/rack/runtime.rb:22:in `call'
activesupport (5.1.4) lib/active_support/cache/strategy/local_cache_middleware.rb:27:in `call'
actionpack (5.1.4) lib/action_dispatch/middleware/executor.rb:12:in `call'
actionpack (5.1.4) lib/action_dispatch/middleware/static.rb:125:in `call'
rack (2.0.3) lib/rack/sendfile.rb:111:in `call'
rack-cors (1.0.1) lib/rack/cors.rb:93:in `call'
railties (5.1.4) lib/rails/engine.rb:522:in `call'
puma (3.10.0) lib/puma/configuration.rb:225:in `call'
puma (3.10.0) lib/puma/server.rb:605:in `handle_request'
puma (3.10.0) lib/puma/server.rb:437:in `process_client'
puma (3.10.0) lib/puma/server.rb:301:in `block in run'
puma (3.10.0) lib/puma/thread_pool.rb:120:in `block in spawn_thread'
Started GET "/api/items" for 127.0.0.1 at 2017-10-12 19:23:25 +0100
Processing by ItemsController#index as */*
  Parameters: {"item"=>{"chef_id"=>2}}
  [1m[36mItem Load (2.8ms)[0m  [1m[34mSELECT "items".* FROM "items"[0m
[active_model_serializers]   [1m[36mChef Load (1.1ms)[0m  [1m[34mSELECT "chefs".* FROM "chefs" INNER JOIN "chefs_items" ON "chefs"."id" = "chefs_items"."chef_id" WHERE "chefs_items"."item_id" = $1[0m  [["item_id", 1]]
[active_model_serializers]   [1m[36mChef Load (0.4ms)[0m  [1m[34mSELECT "chefs".* FROM "chefs" INNER JOIN "chefs_items" ON "chefs"."id" = "chefs_items"."chef_id" WHERE "chefs_items"."item_id" = $1[0m  [["item_id", 2]]
[active_model_serializers]   [1m[36mChef Load (0.4ms)[0m  [1m[34mSELECT "chefs".* FROM "chefs" INNER JOIN "chefs_items" ON "chefs"."id" = "chefs_items"."chef_id" WHERE "chefs_items"."item_id" = $1[0m  [["item_id", 3]]
[active_model_serializers] Rendered ActiveModel::Serializer::CollectionSerializer with ActiveModelSerializers::Adapter::Attributes (13.44ms)
Completed 200 OK in 22ms (Views: 16.7ms | ActiveRecord: 4.6ms)


Started GET "/api/chefs" for 127.0.0.1 at 2017-10-12 19:23:36 +0100
Processing by ChefsController#index as */*
  Parameters: {"item"=>{"chef_id"=>2}, "chef"=>{}}
  [1m[36mChef Load (0.6ms)[0m  [1m[34mSELECT "chefs".* FROM "chefs"[0m
[active_model_serializers]   [1m[36mBakery Load (18.5ms)[0m  [1m[34mSELECT  "bakeries".* FROM "bakeries" WHERE "bakeries"."id" = $1 LIMIT $2[0m  [["id", 1], ["LIMIT", 1]]
[active_model_serializers]   [1m[36mItem Load (0.6ms)[0m  [1m[34mSELECT "items".* FROM "items" INNER JOIN "chefs_items" ON "items"."id" = "chefs_items"."item_id" WHERE "chefs_items"."chef_id" = $1[0m  [["chef_id", 1]]
[active_model_serializers]   [1m[36mBakery Load (0.5ms)[0m  [1m[34mSELECT  "bakeries".* FROM "bakeries" WHERE "bakeries"."id" = $1 LIMIT $2[0m  [["id", 2], ["LIMIT", 1]]
[active_model_serializers]   [1m[36mItem Load (1.0ms)[0m  [1m[34mSELECT "items".* FROM "items" INNER JOIN "chefs_items" ON "items"."id" = "chefs_items"."item_id" WHERE "chefs_items"."chef_id" = $1[0m  [["chef_id", 2]]
[active_model_serializers]   [1m[36mBakery Load (4.4ms)[0m  [1m[34mSELECT  "bakeries".* FROM "bakeries" WHERE "bakeries"."id" = $1 LIMIT $2[0m  [["id", 3], ["LIMIT", 1]]
[active_model_serializers]   [1m[36mItem Load (12.0ms)[0m  [1m[34mSELECT "items".* FROM "items" INNER JOIN "chefs_items" ON "items"."id" = "chefs_items"."item_id" WHERE "chefs_items"."chef_id" = $1[0m  [["chef_id", 3]]
[active_model_serializers] Rendered ActiveModel::Serializer::CollectionSerializer with ActiveModelSerializers::Adapter::Attributes (140.56ms)
Completed 200 OK in 166ms (Views: 120.0ms | ActiveRecord: 45.8ms)


Started PUT "/api/items/1" for 127.0.0.1 at 2017-10-12 19:25:30 +0100
Processing by ItemsController#update as */*
  Parameters: {"item"=>{"chef_ids"=>[1]}, "id"=>"1"}
  [1m[36mItem Load (0.7ms)[0m  [1m[34mSELECT  "items".* FROM "items" WHERE "items"."id" = $1 LIMIT $2[0m  [["id", 1], ["LIMIT", 1]]
Unpermitted parameters: :item, :id
  [1m[35m (0.3ms)[0m  [1m[35mBEGIN[0m
  [1m[35m (0.2ms)[0m  [1m[35mCOMMIT[0m
[active_model_serializers]   [1m[36mChef Load (1.6ms)[0m  [1m[34mSELECT "chefs".* FROM "chefs" INNER JOIN "chefs_items" ON "chefs"."id" = "chefs_items"."chef_id" WHERE "chefs_items"."item_id" = $1[0m  [["item_id", 1]]
[active_model_serializers] Rendered ItemSerializer with ActiveModelSerializers::Adapter::Attributes (26.04ms)
Completed 200 OK in 56ms (Views: 27.0ms | ActiveRecord: 2.8ms)


Started PUT "/api/items/1" for 127.0.0.1 at 2017-10-12 19:25:32 +0100
Processing by ItemsController#update as */*
  Parameters: {"item"=>{"chef_ids"=>[1]}, "id"=>"1"}
  [1m[36mItem Load (0.6ms)[0m  [1m[34mSELECT  "items".* FROM "items" WHERE "items"."id" = $1 LIMIT $2[0m  [["id", 1], ["LIMIT", 1]]
Unpermitted parameters: :item, :id
  [1m[35m (0.5ms)[0m  [1m[35mBEGIN[0m
  [1m[35m (1.0ms)[0m  [1m[35mCOMMIT[0m
[active_model_serializers]   [1m[36mChef Load (0.6ms)[0m  [1m[34mSELECT "chefs".* FROM "chefs" INNER JOIN "chefs_items" ON "chefs"."id" = "chefs_items"."chef_id" WHERE "chefs_items"."item_id" = $1[0m  [["item_id", 1]]
[active_model_serializers] Rendered ItemSerializer with ActiveModelSerializers::Adapter::Attributes (3.74ms)
Completed 200 OK in 12ms (Views: 3.9ms | ActiveRecord: 2.7ms)


Started PUT "/api/items/1" for 127.0.0.1 at 2017-10-12 19:25:57 +0100
Processing by ItemsController#update as */*
  Parameters: {"item"=>{"chef_ids"=>1}, "id"=>"1"}
  [1m[36mItem Load (0.4ms)[0m  [1m[34mSELECT  "items".* FROM "items" WHERE "items"."id" = $1 LIMIT $2[0m  [["id", 1], ["LIMIT", 1]]
Unpermitted parameters: :item, :id
  [1m[35m (0.2ms)[0m  [1m[35mBEGIN[0m
  [1m[35m (0.2ms)[0m  [1m[35mCOMMIT[0m
[active_model_serializers]   [1m[36mChef Load (0.6ms)[0m  [1m[34mSELECT "chefs".* FROM "chefs" INNER JOIN "chefs_items" ON "chefs"."id" = "chefs_items"."chef_id" WHERE "chefs_items"."item_id" = $1[0m  [["item_id", 1]]
[active_model_serializers] Rendered ItemSerializer with ActiveModelSerializers::Adapter::Attributes (3.45ms)
Completed 200 OK in 8ms (Views: 3.4ms | ActiveRecord: 1.5ms)


Started PUT "/api/items/1" for 127.0.0.1 at 2017-10-12 19:26:21 +0100
Processing by ItemsController#update as */*
  Parameters: {"chef_ids"=>[1], "id"=>"1", "item"=>{}}
  [1m[36mItem Load (6.1ms)[0m  [1m[34mSELECT  "items".* FROM "items" WHERE "items"."id" = $1 LIMIT $2[0m  [["id", 1], ["LIMIT", 1]]
Unpermitted parameters: :id, :item
  [1m[35m (3.1ms)[0m  [1m[35mBEGIN[0m
  [1m[36mChef Load (1.0ms)[0m  [1m[34mSELECT "chefs".* FROM "chefs" WHERE "chefs"."id" = 1[0m
  [1m[36mChef Load (0.5ms)[0m  [1m[34mSELECT "chefs".* FROM "chefs" INNER JOIN "chefs_items" ON "chefs"."id" = "chefs_items"."chef_id" WHERE "chefs_items"."item_id" = $1[0m  [["item_id", 1]]
  [1m[35mSQL (3.1ms)[0m  [1m[32mINSERT INTO "chefs_items" ("chef_id", "item_id") VALUES ($1, $2)[0m  [["chef_id", 1], ["item_id", 1]]
  [1m[35m (0.9ms)[0m  [1m[35mCOMMIT[0m
[active_model_serializers] Rendered ItemSerializer with ActiveModelSerializers::Adapter::Attributes (5.36ms)
Completed 200 OK in 62ms (Views: 6.4ms | ActiveRecord: 22.1ms)


Started PUT "/api/items/2" for 127.0.0.1 at 2017-10-12 19:26:34 +0100
Processing by ItemsController#update as */*
  Parameters: {"chef_ids"=>[2], "id"=>"2", "item"=>{}}
  [1m[36mItem Load (1.4ms)[0m  [1m[34mSELECT  "items".* FROM "items" WHERE "items"."id" = $1 LIMIT $2[0m  [["id", 2], ["LIMIT", 1]]
Unpermitted parameters: :id, :item
  [1m[35m (0.2ms)[0m  [1m[35mBEGIN[0m
  [1m[36mChef Load (1.7ms)[0m  [1m[34mSELECT "chefs".* FROM "chefs" WHERE "chefs"."id" = 2[0m
  [1m[36mChef Load (0.8ms)[0m  [1m[34mSELECT "chefs".* FROM "chefs" INNER JOIN "chefs_items" ON "chefs"."id" = "chefs_items"."chef_id" WHERE "chefs_items"."item_id" = $1[0m  [["item_id", 2]]
  [1m[35mSQL (2.0ms)[0m  [1m[32mINSERT INTO "chefs_items" ("chef_id", "item_id") VALUES ($1, $2)[0m  [["chef_id", 2], ["item_id", 2]]
  [1m[35m (5.9ms)[0m  [1m[35mCOMMIT[0m
[active_model_serializers] Rendered ItemSerializer with ActiveModelSerializers::Adapter::Attributes (2.2ms)
Completed 200 OK in 30ms (Views: 3.5ms | ActiveRecord: 12.0ms)


Started PUT "/api/items/3" for 127.0.0.1 at 2017-10-12 19:26:55 +0100
Processing by ItemsController#update as */*
  Parameters: {"chef_ids"=>[3], "id"=>"3", "item"=>{}}
  [1m[36mItem Load (0.5ms)[0m  [1m[34mSELECT  "items".* FROM "items" WHERE "items"."id" = $1 LIMIT $2[0m  [["id", 3], ["LIMIT", 1]]
Unpermitted parameters: :id, :item
  [1m[35m (0.5ms)[0m  [1m[35mBEGIN[0m
  [1m[36mChef Load (1.0ms)[0m  [1m[34mSELECT "chefs".* FROM "chefs" WHERE "chefs"."id" = 3[0m
  [1m[36mChef Load (0.5ms)[0m  [1m[34mSELECT "chefs".* FROM "chefs" INNER JOIN "chefs_items" ON "chefs"."id" = "chefs_items"."chef_id" WHERE "chefs_items"."item_id" = $1[0m  [["item_id", 3]]
  [1m[35mSQL (1.8ms)[0m  [1m[32mINSERT INTO "chefs_items" ("chef_id", "item_id") VALUES ($1, $2)[0m  [["chef_id", 3], ["item_id", 3]]
  [1m[35m (0.5ms)[0m  [1m[35mCOMMIT[0m
[active_model_serializers] Rendered ItemSerializer with ActiveModelSerializers::Adapter::Attributes (2.11ms)
Completed 200 OK in 19ms (Views: 2.9ms | ActiveRecord: 4.9ms)


Started GET "/api/items/3" for 127.0.0.1 at 2017-10-12 19:27:06 +0100
Processing by ItemsController#show as */*
  Parameters: {"chef_ids"=>[3], "id"=>"3", "item"=>{}}
  [1m[36mItem Load (0.7ms)[0m  [1m[34mSELECT  "items".* FROM "items" WHERE "items"."id" = $1 LIMIT $2[0m  [["id", 3], ["LIMIT", 1]]
[active_model_serializers]   [1m[36mChef Load (0.7ms)[0m  [1m[34mSELECT "chefs".* FROM "chefs" INNER JOIN "chefs_items" ON "chefs"."id" = "chefs_items"."chef_id" WHERE "chefs_items"."item_id" = $1[0m  [["item_id", 3]]
[active_model_serializers] Rendered ItemSerializer with ActiveModelSerializers::Adapter::Attributes (4.32ms)
Completed 200 OK in 8ms (Views: 4.3ms | ActiveRecord: 1.4ms)


Started GET "/api/bakeries" for 127.0.0.1 at 2017-10-12 19:27:17 +0100
Processing by BakeriesController#index as */*
  Parameters: {"chef_ids"=>[3], "bakery"=>{}}
  [1m[36mBakery Load (12.8ms)[0m  [1m[34mSELECT "bakeries".* FROM "bakeries"[0m
[active_model_serializers] Rendered ActiveModel::Serializer::CollectionSerializer with ActiveModelSerializers::Adapter::Attributes (9.98ms)
Completed 500 Internal Server Error in 43ms (ActiveRecord: 25.5ms)


  
NoMethodError (undefined method `items' for #<Bakery:0x007fcc569c9080>):
  
app/controllers/bakeries_controller.rb:8:in `index'
Started GET "/api/bakery" for 127.0.0.1 at 2017-10-12 19:27:23 +0100
  
ActionController::RoutingError (No route matches [GET] "/api/bakery"):
  
actionpack (5.1.4) lib/action_dispatch/middleware/debug_exceptions.rb:63:in `call'
actionpack (5.1.4) lib/action_dispatch/middleware/show_exceptions.rb:31:in `call'
railties (5.1.4) lib/rails/rack/logger.rb:36:in `call_app'
railties (5.1.4) lib/rails/rack/logger.rb:24:in `block in call'
activesupport (5.1.4) lib/active_support/tagged_logging.rb:69:in `block in tagged'
activesupport (5.1.4) lib/active_support/tagged_logging.rb:26:in `tagged'
activesupport (5.1.4) lib/active_support/tagged_logging.rb:69:in `tagged'
railties (5.1.4) lib/rails/rack/logger.rb:24:in `call'
actionpack (5.1.4) lib/action_dispatch/middleware/remote_ip.rb:79:in `call'
actionpack (5.1.4) lib/action_dispatch/middleware/request_id.rb:25:in `call'
rack (2.0.3) lib/rack/runtime.rb:22:in `call'
activesupport (5.1.4) lib/active_support/cache/strategy/local_cache_middleware.rb:27:in `call'
actionpack (5.1.4) lib/action_dispatch/middleware/executor.rb:12:in `call'
actionpack (5.1.4) lib/action_dispatch/middleware/static.rb:125:in `call'
rack (2.0.3) lib/rack/sendfile.rb:111:in `call'
rack-cors (1.0.1) lib/rack/cors.rb:93:in `call'
railties (5.1.4) lib/rails/engine.rb:522:in `call'
puma (3.10.0) lib/puma/configuration.rb:225:in `call'
puma (3.10.0) lib/puma/server.rb:605:in `handle_request'
puma (3.10.0) lib/puma/server.rb:437:in `process_client'
puma (3.10.0) lib/puma/server.rb:301:in `block in run'
puma (3.10.0) lib/puma/thread_pool.rb:120:in `block in spawn_thread'
Started GET "/api/bakerys" for 127.0.0.1 at 2017-10-12 19:27:28 +0100
  
ActionController::RoutingError (No route matches [GET] "/api/bakerys"):
  
actionpack (5.1.4) lib/action_dispatch/middleware/debug_exceptions.rb:63:in `call'
actionpack (5.1.4) lib/action_dispatch/middleware/show_exceptions.rb:31:in `call'
railties (5.1.4) lib/rails/rack/logger.rb:36:in `call_app'
railties (5.1.4) lib/rails/rack/logger.rb:24:in `block in call'
activesupport (5.1.4) lib/active_support/tagged_logging.rb:69:in `block in tagged'
activesupport (5.1.4) lib/active_support/tagged_logging.rb:26:in `tagged'
activesupport (5.1.4) lib/active_support/tagged_logging.rb:69:in `tagged'
railties (5.1.4) lib/rails/rack/logger.rb:24:in `call'
actionpack (5.1.4) lib/action_dispatch/middleware/remote_ip.rb:79:in `call'
actionpack (5.1.4) lib/action_dispatch/middleware/request_id.rb:25:in `call'
rack (2.0.3) lib/rack/runtime.rb:22:in `call'
activesupport (5.1.4) lib/active_support/cache/strategy/local_cache_middleware.rb:27:in `call'
actionpack (5.1.4) lib/action_dispatch/middleware/executor.rb:12:in `call'
actionpack (5.1.4) lib/action_dispatch/middleware/static.rb:125:in `call'
rack (2.0.3) lib/rack/sendfile.rb:111:in `call'
rack-cors (1.0.1) lib/rack/cors.rb:93:in `call'
railties (5.1.4) lib/rails/engine.rb:522:in `call'
puma (3.10.0) lib/puma/configuration.rb:225:in `call'
puma (3.10.0) lib/puma/server.rb:605:in `handle_request'
puma (3.10.0) lib/puma/server.rb:437:in `process_client'
puma (3.10.0) lib/puma/server.rb:301:in `block in run'
puma (3.10.0) lib/puma/thread_pool.rb:120:in `block in spawn_thread'
Started GET "/api/patisserie" for 127.0.0.1 at 2017-10-12 19:27:38 +0100
  
ActionController::RoutingError (No route matches [GET] "/api/patisserie"):
  
actionpack (5.1.4) lib/action_dispatch/middleware/debug_exceptions.rb:63:in `call'
actionpack (5.1.4) lib/action_dispatch/middleware/show_exceptions.rb:31:in `call'
railties (5.1.4) lib/rails/rack/logger.rb:36:in `call_app'
railties (5.1.4) lib/rails/rack/logger.rb:24:in `block in call'
activesupport (5.1.4) lib/active_support/tagged_logging.rb:69:in `block in tagged'
activesupport (5.1.4) lib/active_support/tagged_logging.rb:26:in `tagged'
activesupport (5.1.4) lib/active_support/tagged_logging.rb:69:in `tagged'
railties (5.1.4) lib/rails/rack/logger.rb:24:in `call'
actionpack (5.1.4) lib/action_dispatch/middleware/remote_ip.rb:79:in `call'
actionpack (5.1.4) lib/action_dispatch/middleware/request_id.rb:25:in `call'
rack (2.0.3) lib/rack/runtime.rb:22:in `call'
activesupport (5.1.4) lib/active_support/cache/strategy/local_cache_middleware.rb:27:in `call'
actionpack (5.1.4) lib/action_dispatch/middleware/executor.rb:12:in `call'
actionpack (5.1.4) lib/action_dispatch/middleware/static.rb:125:in `call'
rack (2.0.3) lib/rack/sendfile.rb:111:in `call'
rack-cors (1.0.1) lib/rack/cors.rb:93:in `call'
railties (5.1.4) lib/rails/engine.rb:522:in `call'
puma (3.10.0) lib/puma/configuration.rb:225:in `call'
puma (3.10.0) lib/puma/server.rb:605:in `handle_request'
puma (3.10.0) lib/puma/server.rb:437:in `process_client'
puma (3.10.0) lib/puma/server.rb:301:in `block in run'
puma (3.10.0) lib/puma/thread_pool.rb:120:in `block in spawn_thread'
Started GET "/api/chefs" for 127.0.0.1 at 2017-10-12 19:28:18 +0100
Processing by ChefsController#index as */*
  Parameters: {"chef_ids"=>[3], "chef"=>{}}
  [1m[36mChef Load (6.4ms)[0m  [1m[34mSELECT "chefs".* FROM "chefs"[0m
[active_model_serializers]   [1m[36mBakery Load (1.0ms)[0m  [1m[34mSELECT  "bakeries".* FROM "bakeries" WHERE "bakeries"."id" = $1 LIMIT $2[0m  [["id", 1], ["LIMIT", 1]]
[active_model_serializers]   [1m[36mItem Load (2.3ms)[0m  [1m[34mSELECT "items".* FROM "items" INNER JOIN "chefs_items" ON "items"."id" = "chefs_items"."item_id" WHERE "chefs_items"."chef_id" = $1[0m  [["chef_id", 1]]
[active_model_serializers]   [1m[36mBakery Load (0.5ms)[0m  [1m[34mSELECT  "bakeries".* FROM "bakeries" WHERE "bakeries"."id" = $1 LIMIT $2[0m  [["id", 2], ["LIMIT", 1]]
[active_model_serializers]   [1m[36mItem Load (0.7ms)[0m  [1m[34mSELECT "items".* FROM "items" INNER JOIN "chefs_items" ON "items"."id" = "chefs_items"."item_id" WHERE "chefs_items"."chef_id" = $1[0m  [["chef_id", 2]]
[active_model_serializers]   [1m[36mBakery Load (0.6ms)[0m  [1m[34mSELECT  "bakeries".* FROM "bakeries" WHERE "bakeries"."id" = $1 LIMIT $2[0m  [["id", 3], ["LIMIT", 1]]
[active_model_serializers]   [1m[36mItem Load (0.7ms)[0m  [1m[34mSELECT "items".* FROM "items" INNER JOIN "chefs_items" ON "items"."id" = "chefs_items"."item_id" WHERE "chefs_items"."chef_id" = $1[0m  [["chef_id", 3]]
[active_model_serializers] Rendered ActiveModel::Serializer::CollectionSerializer with ActiveModelSerializers::Adapter::Attributes (64.54ms)
Completed 200 OK in 76ms (Views: 62.4ms | ActiveRecord: 12.2ms)


Started GET "/api/bakeries" for 127.0.0.1 at 2017-10-12 20:43:55 +0100
Processing by BakeriesController#index as */*
  Parameters: {"chef_ids"=>[3], "bakery"=>{}}
  [1m[36mBakery Load (1.2ms)[0m  [1m[34mSELECT "bakeries".* FROM "bakeries"[0m
[active_model_serializers] Rendered ActiveModel::Serializer::CollectionSerializer with ActiveModelSerializers::Adapter::Attributes (7.61ms)
Completed 500 Internal Server Error in 13ms (ActiveRecord: 1.2ms)


  
NoMethodError (undefined method `items' for #<Bakery:0x007fcc571b7f58>):
  
app/controllers/bakeries_controller.rb:8:in `index'
Started GET "/api/bakeries" for 127.0.0.1 at 2017-10-12 20:46:12 +0100
Processing by BakeriesController#index as */*
  Parameters: {"chef_ids"=>[3], "bakery"=>{}}
  [1m[36mBakery Load (0.6ms)[0m  [1m[34mSELECT "bakeries".* FROM "bakeries"[0m
[active_model_serializers] Rendered ActiveModel::Serializer::CollectionSerializer with ActiveModelSerializers::Adapter::Attributes (7.52ms)
Completed 500 Internal Server Error in 25ms (ActiveRecord: 11.8ms)


  
NoMethodError (undefined method `items' for #<Bakery:0x007fcc56ce1e70>):
  
app/controllers/bakeries_controller.rb:8:in `index'
Started GET "/api/bakeries" for 127.0.0.1 at 2017-10-12 20:49:27 +0100
Processing by BakeriesController#index as */*
  Parameters: {"chef_ids"=>[3], "bakery"=>{}}
  [1m[36mBakery Load (0.7ms)[0m  [1m[34mSELECT "bakeries".* FROM "bakeries"[0m
[active_model_serializers]   [1m[36mItem Load (4.3ms)[0m  [1m[34mSELECT DISTINCT "items".* FROM "items" INNER JOIN "chefs_items" ON "items"."id" = "chefs_items"."item_id" INNER JOIN "chefs" ON "chefs_items"."chef_id" = "chefs"."id" WHERE "chefs"."bakery_id" = $1[0m  [["bakery_id", 1]]
[active_model_serializers]   [1m[36mChef Load (0.5ms)[0m  [1m[34mSELECT "chefs".* FROM "chefs" WHERE "chefs"."bakery_id" = $1[0m  [["bakery_id", 1]]
[active_model_serializers]   [1m[36mItem Load (1.4ms)[0m  [1m[34mSELECT DISTINCT "items".* FROM "items" INNER JOIN "chefs_items" ON "items"."id" = "chefs_items"."item_id" INNER JOIN "chefs" ON "chefs_items"."chef_id" = "chefs"."id" WHERE "chefs"."bakery_id" = $1[0m  [["bakery_id", 2]]
[active_model_serializers]   [1m[36mChef Load (0.5ms)[0m  [1m[34mSELECT "chefs".* FROM "chefs" WHERE "chefs"."bakery_id" = $1[0m  [["bakery_id", 2]]
[active_model_serializers]   [1m[36mItem Load (1.3ms)[0m  [1m[34mSELECT DISTINCT "items".* FROM "items" INNER JOIN "chefs_items" ON "items"."id" = "chefs_items"."item_id" INNER JOIN "chefs" ON "chefs_items"."chef_id" = "chefs"."id" WHERE "chefs"."bakery_id" = $1[0m  [["bakery_id", 3]]
[active_model_serializers]   [1m[36mChef Load (0.5ms)[0m  [1m[34mSELECT "chefs".* FROM "chefs" WHERE "chefs"."bakery_id" = $1[0m  [["bakery_id", 3]]
[active_model_serializers] Rendered ActiveModel::Serializer::CollectionSerializer with ActiveModelSerializers::Adapter::Attributes (183.1ms)
Completed 200 OK in 203ms (Views: 177.2ms | ActiveRecord: 25.0ms)


Started GET "/api/bakeries/1" for 127.0.0.1 at 2017-10-12 20:51:57 +0100
Processing by BakeriesController#show as */*
  Parameters: {"chef_ids"=>[3], "id"=>"1", "bakery"=>{}}
  [1m[36mBakery Load (0.6ms)[0m  [1m[34mSELECT  "bakeries".* FROM "bakeries" WHERE "bakeries"."id" = $1 LIMIT $2[0m  [["id", 1], ["LIMIT", 1]]
[active_model_serializers]   [1m[36mItem Load (3.7ms)[0m  [1m[34mSELECT DISTINCT "items".* FROM "items" INNER JOIN "chefs_items" ON "items"."id" = "chefs_items"."item_id" INNER JOIN "chefs" ON "chefs_items"."chef_id" = "chefs"."id" WHERE "chefs"."bakery_id" = $1[0m  [["bakery_id", 1]]
[active_model_serializers]   [1m[36mChef Load (0.4ms)[0m  [1m[34mSELECT "chefs".* FROM "chefs" WHERE "chefs"."bakery_id" = $1[0m  [["bakery_id", 1]]
[active_model_serializers] Rendered BakerySerializer with ActiveModelSerializers::Adapter::Attributes (11.31ms)
Completed 200 OK in 16ms (Views: 8.0ms | ActiveRecord: 4.7ms)


Started GET "/api/bakeries/2" for 127.0.0.1 at 2017-10-12 20:52:01 +0100
Processing by BakeriesController#show as */*
  Parameters: {"chef_ids"=>[3], "id"=>"2", "bakery"=>{}}
  [1m[36mBakery Load (0.3ms)[0m  [1m[34mSELECT  "bakeries".* FROM "bakeries" WHERE "bakeries"."id" = $1 LIMIT $2[0m  [["id", 2], ["LIMIT", 1]]
[active_model_serializers]   [1m[36mItem Load (1.4ms)[0m  [1m[34mSELECT DISTINCT "items".* FROM "items" INNER JOIN "chefs_items" ON "items"."id" = "chefs_items"."item_id" INNER JOIN "chefs" ON "chefs_items"."chef_id" = "chefs"."id" WHERE "chefs"."bakery_id" = $1[0m  [["bakery_id", 2]]
[active_model_serializers]   [1m[36mChef Load (0.9ms)[0m  [1m[34mSELECT "chefs".* FROM "chefs" WHERE "chefs"."bakery_id" = $1[0m  [["bakery_id", 2]]
[active_model_serializers] Rendered BakerySerializer with ActiveModelSerializers::Adapter::Attributes (9.44ms)
Completed 200 OK in 12ms (Views: 7.8ms | ActiveRecord: 2.6ms)


Started GET "/api/bakeries/3" for 127.0.0.1 at 2017-10-12 20:52:05 +0100
Processing by BakeriesController#show as */*
  Parameters: {"chef_ids"=>[3], "id"=>"3", "bakery"=>{}}
  [1m[36mBakery Load (0.5ms)[0m  [1m[34mSELECT  "bakeries".* FROM "bakeries" WHERE "bakeries"."id" = $1 LIMIT $2[0m  [["id", 3], ["LIMIT", 1]]
[active_model_serializers]   [1m[36mItem Load (1.2ms)[0m  [1m[34mSELECT DISTINCT "items".* FROM "items" INNER JOIN "chefs_items" ON "items"."id" = "chefs_items"."item_id" INNER JOIN "chefs" ON "chefs_items"."chef_id" = "chefs"."id" WHERE "chefs"."bakery_id" = $1[0m  [["bakery_id", 3]]
[active_model_serializers]   [1m[36mChef Load (0.5ms)[0m  [1m[34mSELECT "chefs".* FROM "chefs" WHERE "chefs"."bakery_id" = $1[0m  [["bakery_id", 3]]
[active_model_serializers] Rendered BakerySerializer with ActiveModelSerializers::Adapter::Attributes (9.06ms)
Completed 200 OK in 13ms (Views: 8.1ms | ActiveRecord: 2.2ms)


