  [1m[35m (10.1ms)[0m  [1m[35mCREATE TABLE "schema_migrations" ("version" character varying NOT NULL PRIMARY KEY)[0m
  [1m[35m (5.3ms)[0m  [1m[35mCREATE TABLE "ar_internal_metadata" ("key" character varying NOT NULL PRIMARY KEY, "value" character varying, "created_at" timestamp NOT NULL, "updated_at" timestamp NOT NULL)[0m
  [1m[35m (0.3ms)[0m  [1m[34mSELECT pg_try_advisory_lock(1232016117488889915)[0m
  [1m[35m (3.3ms)[0m  [1m[34mSELECT "schema_migrations"."version" FROM "schema_migrations" ORDER BY "schema_migrations"."version" ASC[0m
Migrating to CreateContinents (20171011154202)
  [1m[35m (0.3ms)[0m  [1m[35mBEGIN[0m
  [1m[35m (6.8ms)[0m  [1m[35mCREATE TABLE "continents" ("id" bigserial primary key, "name" character varying, "created_at" timestamp NOT NULL, "updated_at" timestamp NOT NULL)[0m
  [1m[35mSQL (0.8ms)[0m  [1m[32mINSERT INTO "schema_migrations" ("version") VALUES ($1) RETURNING "version"[0m  [["version", "20171011154202"]]
  [1m[35m (0.8ms)[0m  [1m[35mCOMMIT[0m
Migrating to CreateCountries (20171011154420)
  [1m[35m (0.4ms)[0m  [1m[35mBEGIN[0m
  [1m[35m (8.9ms)[0m  [1m[35mCREATE TABLE "countries" ("id" bigserial primary key, "continent_id" bigint, "name" text, "size" text, "population" text, "language" text, "created_at" timestamp NOT NULL, "updated_at" timestamp NOT NULL, CONSTRAINT "fk_rails_2466589137"
FOREIGN KEY ("continent_id")
  REFERENCES "continents" ("id")
)[0m
  [1m[35m (2.3ms)[0m  [1m[35mCREATE  INDEX  "index_countries_on_continent_id" ON "countries"  ("continent_id")[0m
  [1m[35mSQL (0.6ms)[0m  [1m[32mINSERT INTO "schema_migrations" ("version") VALUES ($1) RETURNING "version"[0m  [["version", "20171011154420"]]
  [1m[35m (0.8ms)[0m  [1m[35mCOMMIT[0m
  [1m[36mActiveRecord::InternalMetadata Load (4.4ms)[0m  [1m[34mSELECT  "ar_internal_metadata".* FROM "ar_internal_metadata" WHERE "ar_internal_metadata"."key" = $1 LIMIT $2[0m  [["key", "environment"], ["LIMIT", 1]]
  [1m[35m (0.2ms)[0m  [1m[35mBEGIN[0m
  [1m[35mSQL (0.7ms)[0m  [1m[32mINSERT INTO "ar_internal_metadata" ("key", "value", "created_at", "updated_at") VALUES ($1, $2, $3, $4) RETURNING "key"[0m  [["key", "environment"], ["value", "development"], ["created_at", "2017-10-11 15:45:39.382718"], ["updated_at", "2017-10-11 15:45:39.382718"]]
  [1m[35m (0.6ms)[0m  [1m[35mCOMMIT[0m
  [1m[35m (0.3ms)[0m  [1m[34mSELECT pg_advisory_unlock(1232016117488889915)[0m
  [1m[35m (0.8ms)[0m  [1m[34mSELECT "schema_migrations"."version" FROM "schema_migrations" ORDER BY "schema_migrations"."version" ASC[0m
  [1m[35m (1.7ms)[0m  [1m[34mSELECT "schema_migrations"."version" FROM "schema_migrations" ORDER BY "schema_migrations"."version" ASC[0m
  [1m[35m (0.2ms)[0m  [1m[35mBEGIN[0m
  [1m[36mContinent Exists (1.8ms)[0m  [1m[34mSELECT  1 AS one FROM "continents" WHERE "continents"."name" = $1 LIMIT $2[0m  [["name", "North America"], ["LIMIT", 1]]
  [1m[35mSQL (1.0ms)[0m  [1m[32mINSERT INTO "continents" ("name", "created_at", "updated_at") VALUES ($1, $2, $3) RETURNING "id"[0m  [["name", "North America"], ["created_at", "2017-10-11 16:16:19.171994"], ["updated_at", "2017-10-11 16:16:19.171994"]]
  [1m[35m (0.7ms)[0m  [1m[35mCOMMIT[0m
  [1m[35m (0.1ms)[0m  [1m[35mBEGIN[0m
  [1m[36mContinent Exists (0.5ms)[0m  [1m[34mSELECT  1 AS one FROM "continents" WHERE "continents"."name" = $1 LIMIT $2[0m  [["name", "South America"], ["LIMIT", 1]]
  [1m[35mSQL (0.5ms)[0m  [1m[32mINSERT INTO "continents" ("name", "created_at", "updated_at") VALUES ($1, $2, $3) RETURNING "id"[0m  [["name", "South America"], ["created_at", "2017-10-11 16:16:19.177301"], ["updated_at", "2017-10-11 16:16:19.177301"]]
  [1m[35m (0.5ms)[0m  [1m[35mCOMMIT[0m
  [1m[35m (0.2ms)[0m  [1m[35mBEGIN[0m
  [1m[36mContinent Exists (0.4ms)[0m  [1m[34mSELECT  1 AS one FROM "continents" WHERE "continents"."name" = $1 LIMIT $2[0m  [["name", "Australia"], ["LIMIT", 1]]
  [1m[35mSQL (0.5ms)[0m  [1m[32mINSERT INTO "continents" ("name", "created_at", "updated_at") VALUES ($1, $2, $3) RETURNING "id"[0m  [["name", "Australia"], ["created_at", "2017-10-11 16:16:19.181326"], ["updated_at", "2017-10-11 16:16:19.181326"]]
  [1m[35m (0.4ms)[0m  [1m[35mCOMMIT[0m
  [1m[35m (0.3ms)[0m  [1m[35mBEGIN[0m
  [1m[35m (0.3ms)[0m  [1m[31mROLLBACK[0m
  [1m[35m (1.8ms)[0m  [1m[34mSELECT "schema_migrations"."version" FROM "schema_migrations" ORDER BY "schema_migrations"."version" ASC[0m
  [1m[35m (0.2ms)[0m  [1m[35mBEGIN[0m
  [1m[36mContinent Exists (1.2ms)[0m  [1m[34mSELECT  1 AS one FROM "continents" WHERE "continents"."name" = $1 LIMIT $2[0m  [["name", "North America"], ["LIMIT", 1]]
  [1m[35m (0.3ms)[0m  [1m[31mROLLBACK[0m
  [1m[35m (1.9ms)[0m  [1m[34mSELECT "schema_migrations"."version" FROM "schema_migrations" ORDER BY "schema_migrations"."version" ASC[0m
  [1m[35m (0.6ms)[0m  [1m[34mSELECT "ar_internal_metadata"."value" FROM "ar_internal_metadata" WHERE "ar_internal_metadata"."key" = $1[0m  [["key", "environment"]]
  [1m[35m (0.4ms)[0m  [1m[34mSELECT "schema_migrations"."version" FROM "schema_migrations" ORDER BY "schema_migrations"."version" ASC[0m
  [1m[35m (0.3ms)[0m  [1m[34mSELECT "ar_internal_metadata"."value" FROM "ar_internal_metadata" WHERE "ar_internal_metadata"."key" = $1[0m  [["key", "environment"]]
  [1m[35m (0.3ms)[0m  [1m[34mSELECT "schema_migrations"."version" FROM "schema_migrations" ORDER BY "schema_migrations"."version" ASC[0m
  [1m[35m (0.3ms)[0m  [1m[34mSELECT "ar_internal_metadata"."value" FROM "ar_internal_metadata" WHERE "ar_internal_metadata"."key" = $1[0m  [["key", "environment"]]
  [1m[35m (132.6ms)[0m  [1m[35mDROP DATABASE IF EXISTS "countries_development"[0m
  [1m[35m (127.9ms)[0m  [1m[35mDROP DATABASE IF EXISTS "countries_test"[0m
  [1m[35m (0.2ms)[0m  [1m[35mDROP DATABASE IF EXISTS "countries_development"[0m
  [1m[35m (0.2ms)[0m  [1m[35mDROP DATABASE IF EXISTS "countries_test"[0m
  [1m[35m (11.8ms)[0m  [1m[35mCREATE TABLE "schema_migrations" ("version" character varying NOT NULL PRIMARY KEY)[0m
  [1m[35m (5.4ms)[0m  [1m[35mCREATE TABLE "ar_internal_metadata" ("key" character varying NOT NULL PRIMARY KEY, "value" character varying, "created_at" timestamp NOT NULL, "updated_at" timestamp NOT NULL)[0m
  [1m[35m (0.3ms)[0m  [1m[34mSELECT pg_try_advisory_lock(1232016117488889915)[0m
  [1m[35m (3.3ms)[0m  [1m[34mSELECT "schema_migrations"."version" FROM "schema_migrations" ORDER BY "schema_migrations"."version" ASC[0m
Migrating to CreateContinents (20171011154202)
  [1m[35m (0.2ms)[0m  [1m[35mBEGIN[0m
  [1m[35m (7.1ms)[0m  [1m[35mCREATE TABLE "continents" ("id" bigserial primary key, "name" character varying, "created_at" timestamp NOT NULL, "updated_at" timestamp NOT NULL)[0m
  [1m[35mSQL (0.8ms)[0m  [1m[32mINSERT INTO "schema_migrations" ("version") VALUES ($1) RETURNING "version"[0m  [["version", "20171011154202"]]
  [1m[35m (0.8ms)[0m  [1m[35mCOMMIT[0m
Migrating to CreateCountries (20171011154420)
  [1m[35m (0.3ms)[0m  [1m[35mBEGIN[0m
  [1m[35m (10.3ms)[0m  [1m[35mCREATE TABLE "countries" ("id" bigserial primary key, "continent_id" bigint, "name" text, "size" text, "population" text, "language" text, "created_at" timestamp NOT NULL, "updated_at" timestamp NOT NULL, CONSTRAINT "fk_rails_2466589137"
FOREIGN KEY ("continent_id")
  REFERENCES "continents" ("id")
)[0m
  [1m[35m (2.8ms)[0m  [1m[35mCREATE  INDEX  "index_countries_on_continent_id" ON "countries"  ("continent_id")[0m
  [1m[35mSQL (0.6ms)[0m  [1m[32mINSERT INTO "schema_migrations" ("version") VALUES ($1) RETURNING "version"[0m  [["version", "20171011154420"]]
  [1m[35m (0.8ms)[0m  [1m[35mCOMMIT[0m
  [1m[36mActiveRecord::InternalMetadata Load (2.8ms)[0m  [1m[34mSELECT  "ar_internal_metadata".* FROM "ar_internal_metadata" WHERE "ar_internal_metadata"."key" = $1 LIMIT $2[0m  [["key", "environment"], ["LIMIT", 1]]
  [1m[35m (0.3ms)[0m  [1m[35mBEGIN[0m
  [1m[35mSQL (0.7ms)[0m  [1m[32mINSERT INTO "ar_internal_metadata" ("key", "value", "created_at", "updated_at") VALUES ($1, $2, $3, $4) RETURNING "key"[0m  [["key", "environment"], ["value", "development"], ["created_at", "2017-10-11 16:23:23.594048"], ["updated_at", "2017-10-11 16:23:23.594048"]]
  [1m[35m (0.6ms)[0m  [1m[35mCOMMIT[0m
  [1m[35m (0.3ms)[0m  [1m[34mSELECT pg_advisory_unlock(1232016117488889915)[0m
  [1m[35m (0.5ms)[0m  [1m[34mSELECT "schema_migrations"."version" FROM "schema_migrations" ORDER BY "schema_migrations"."version" ASC[0m
  [1m[35m (1.6ms)[0m  [1m[34mSELECT "schema_migrations"."version" FROM "schema_migrations" ORDER BY "schema_migrations"."version" ASC[0m
  [1m[35m (0.2ms)[0m  [1m[35mBEGIN[0m
  [1m[36mContinent Exists (1.3ms)[0m  [1m[34mSELECT  1 AS one FROM "continents" WHERE "continents"."name" = $1 LIMIT $2[0m  [["name", "North America"], ["LIMIT", 1]]
  [1m[35mSQL (1.0ms)[0m  [1m[32mINSERT INTO "continents" ("name", "created_at", "updated_at") VALUES ($1, $2, $3) RETURNING "id"[0m  [["name", "North America"], ["created_at", "2017-10-11 16:23:34.258480"], ["updated_at", "2017-10-11 16:23:34.258480"]]
  [1m[35m (0.7ms)[0m  [1m[35mCOMMIT[0m
  [1m[35m (0.2ms)[0m  [1m[35mBEGIN[0m
  [1m[36mContinent Exists (0.5ms)[0m  [1m[34mSELECT  1 AS one FROM "continents" WHERE "continents"."name" = $1 LIMIT $2[0m  [["name", "South America"], ["LIMIT", 1]]
  [1m[35mSQL (0.5ms)[0m  [1m[32mINSERT INTO "continents" ("name", "created_at", "updated_at") VALUES ($1, $2, $3) RETURNING "id"[0m  [["name", "South America"], ["created_at", "2017-10-11 16:23:34.263877"], ["updated_at", "2017-10-11 16:23:34.263877"]]
  [1m[35m (0.6ms)[0m  [1m[35mCOMMIT[0m
  [1m[35m (0.1ms)[0m  [1m[35mBEGIN[0m
  [1m[36mContinent Exists (0.4ms)[0m  [1m[34mSELECT  1 AS one FROM "continents" WHERE "continents"."name" = $1 LIMIT $2[0m  [["name", "Australia"], ["LIMIT", 1]]
  [1m[35mSQL (0.5ms)[0m  [1m[32mINSERT INTO "continents" ("name", "created_at", "updated_at") VALUES ($1, $2, $3) RETURNING "id"[0m  [["name", "Australia"], ["created_at", "2017-10-11 16:23:34.267938"], ["updated_at", "2017-10-11 16:23:34.267938"]]
  [1m[35m (0.6ms)[0m  [1m[35mCOMMIT[0m
  [1m[35m (0.3ms)[0m  [1m[35mBEGIN[0m
  [1m[35mSQL (1.9ms)[0m  [1m[32mINSERT INTO "countries" ("continent_id", "name", "size", "population", "language", "created_at", "updated_at") VALUES ($1, $2, $3, $4, $5, $6, $7) RETURNING "id"[0m  [["continent_id", 1], ["name", "Canada"], ["size", "really big"], ["population", "35000000 people"], ["language", "English"], ["created_at", "2017-10-11 16:23:34.315047"], ["updated_at", "2017-10-11 16:23:34.315047"]]
  [1m[35m (0.6ms)[0m  [1m[35mCOMMIT[0m
  [1m[35m (0.1ms)[0m  [1m[35mBEGIN[0m
  [1m[35mSQL (0.8ms)[0m  [1m[32mINSERT INTO "countries" ("continent_id", "name", "size", "population", "language", "created_at", "updated_at") VALUES ($1, $2, $3, $4, $5, $6, $7) RETURNING "id"[0m  [["continent_id", 1], ["name", "Mexico"], ["size", "skinny"], ["population", "65000000 people"], ["language", "Spanish"], ["created_at", "2017-10-11 16:23:34.321111"], ["updated_at", "2017-10-11 16:23:34.321111"]]
  [1m[35m (0.6ms)[0m  [1m[35mCOMMIT[0m
  [1m[35m (0.1ms)[0m  [1m[35mBEGIN[0m
  [1m[35m (0.3ms)[0m  [1m[31mROLLBACK[0m
  [1m[35m (4.1ms)[0m  [1m[34mSELECT "schema_migrations"."version" FROM "schema_migrations" ORDER BY "schema_migrations"."version" ASC[0m
  [1m[35m (0.6ms)[0m  [1m[34mSELECT "ar_internal_metadata"."value" FROM "ar_internal_metadata" WHERE "ar_internal_metadata"."key" = $1[0m  [["key", "environment"]]
  [1m[35m (0.5ms)[0m  [1m[34mSELECT "schema_migrations"."version" FROM "schema_migrations" ORDER BY "schema_migrations"."version" ASC[0m
  [1m[35m (0.4ms)[0m  [1m[34mSELECT "ar_internal_metadata"."value" FROM "ar_internal_metadata" WHERE "ar_internal_metadata"."key" = $1[0m  [["key", "environment"]]
  [1m[35m (0.5ms)[0m  [1m[34mSELECT "schema_migrations"."version" FROM "schema_migrations" ORDER BY "schema_migrations"."version" ASC[0m
  [1m[35m (0.5ms)[0m  [1m[34mSELECT "ar_internal_metadata"."value" FROM "ar_internal_metadata" WHERE "ar_internal_metadata"."key" = $1[0m  [["key", "environment"]]
  [1m[35m (133.1ms)[0m  [1m[35mDROP DATABASE IF EXISTS "countries_development"[0m
  [1m[35m (128.8ms)[0m  [1m[35mDROP DATABASE IF EXISTS "countries_test"[0m
  [1m[35m (13.3ms)[0m  [1m[35mCREATE TABLE "schema_migrations" ("version" character varying NOT NULL PRIMARY KEY)[0m
  [1m[35m (5.2ms)[0m  [1m[35mCREATE TABLE "ar_internal_metadata" ("key" character varying NOT NULL PRIMARY KEY, "value" character varying, "created_at" timestamp NOT NULL, "updated_at" timestamp NOT NULL)[0m
  [1m[35m (0.3ms)[0m  [1m[34mSELECT pg_try_advisory_lock(1232016117488889915)[0m
  [1m[35m (3.2ms)[0m  [1m[34mSELECT "schema_migrations"."version" FROM "schema_migrations" ORDER BY "schema_migrations"."version" ASC[0m
Migrating to CreateContinents (20171011154202)
  [1m[35m (0.2ms)[0m  [1m[35mBEGIN[0m
  [1m[35m (6.9ms)[0m  [1m[35mCREATE TABLE "continents" ("id" bigserial primary key, "name" character varying, "created_at" timestamp NOT NULL, "updated_at" timestamp NOT NULL)[0m
  [1m[35mSQL (0.8ms)[0m  [1m[32mINSERT INTO "schema_migrations" ("version") VALUES ($1) RETURNING "version"[0m  [["version", "20171011154202"]]
  [1m[35m (0.8ms)[0m  [1m[35mCOMMIT[0m
Migrating to CreateCountries (20171011154420)
  [1m[35m (0.3ms)[0m  [1m[35mBEGIN[0m
  [1m[35m (8.9ms)[0m  [1m[35mCREATE TABLE "countries" ("id" bigserial primary key, "continent_id" bigint, "name" text, "size" text, "population" text, "language" text, "created_at" timestamp NOT NULL, "updated_at" timestamp NOT NULL, CONSTRAINT "fk_rails_2466589137"
FOREIGN KEY ("continent_id")
  REFERENCES "continents" ("id")
)[0m
  [1m[35m (2.2ms)[0m  [1m[35mCREATE  INDEX  "index_countries_on_continent_id" ON "countries"  ("continent_id")[0m
  [1m[35mSQL (0.5ms)[0m  [1m[32mINSERT INTO "schema_migrations" ("version") VALUES ($1) RETURNING "version"[0m  [["version", "20171011154420"]]
  [1m[35m (0.8ms)[0m  [1m[35mCOMMIT[0m
  [1m[36mActiveRecord::InternalMetadata Load (3.0ms)[0m  [1m[34mSELECT  "ar_internal_metadata".* FROM "ar_internal_metadata" WHERE "ar_internal_metadata"."key" = $1 LIMIT $2[0m  [["key", "environment"], ["LIMIT", 1]]
  [1m[35m (0.2ms)[0m  [1m[35mBEGIN[0m
  [1m[35mSQL (0.7ms)[0m  [1m[32mINSERT INTO "ar_internal_metadata" ("key", "value", "created_at", "updated_at") VALUES ($1, $2, $3, $4) RETURNING "key"[0m  [["key", "environment"], ["value", "development"], ["created_at", "2017-10-11 16:23:56.726316"], ["updated_at", "2017-10-11 16:23:56.726316"]]
  [1m[35m (0.6ms)[0m  [1m[35mCOMMIT[0m
  [1m[35m (0.3ms)[0m  [1m[34mSELECT pg_advisory_unlock(1232016117488889915)[0m
  [1m[35m (0.5ms)[0m  [1m[34mSELECT "schema_migrations"."version" FROM "schema_migrations" ORDER BY "schema_migrations"."version" ASC[0m
  [1m[35m (1.6ms)[0m  [1m[34mSELECT "schema_migrations"."version" FROM "schema_migrations" ORDER BY "schema_migrations"."version" ASC[0m
  [1m[35m (0.2ms)[0m  [1m[35mBEGIN[0m
  [1m[36mContinent Exists (1.8ms)[0m  [1m[34mSELECT  1 AS one FROM "continents" WHERE "continents"."name" = $1 LIMIT $2[0m  [["name", "North America"], ["LIMIT", 1]]
  [1m[35mSQL (1.0ms)[0m  [1m[32mINSERT INTO "continents" ("name", "created_at", "updated_at") VALUES ($1, $2, $3) RETURNING "id"[0m  [["name", "North America"], ["created_at", "2017-10-11 16:27:51.695394"], ["updated_at", "2017-10-11 16:27:51.695394"]]
  [1m[35m (0.7ms)[0m  [1m[35mCOMMIT[0m
  [1m[35m (0.1ms)[0m  [1m[35mBEGIN[0m
  [1m[36mContinent Exists (0.5ms)[0m  [1m[34mSELECT  1 AS one FROM "continents" WHERE "continents"."name" = $1 LIMIT $2[0m  [["name", "South America"], ["LIMIT", 1]]
  [1m[35mSQL (0.5ms)[0m  [1m[32mINSERT INTO "continents" ("name", "created_at", "updated_at") VALUES ($1, $2, $3) RETURNING "id"[0m  [["name", "South America"], ["created_at", "2017-10-11 16:27:51.700720"], ["updated_at", "2017-10-11 16:27:51.700720"]]
  [1m[35m (0.5ms)[0m  [1m[35mCOMMIT[0m
  [1m[35m (0.1ms)[0m  [1m[35mBEGIN[0m
  [1m[36mContinent Exists (0.4ms)[0m  [1m[34mSELECT  1 AS one FROM "continents" WHERE "continents"."name" = $1 LIMIT $2[0m  [["name", "Australia"], ["LIMIT", 1]]
  [1m[35mSQL (0.5ms)[0m  [1m[32mINSERT INTO "continents" ("name", "created_at", "updated_at") VALUES ($1, $2, $3) RETURNING "id"[0m  [["name", "Australia"], ["created_at", "2017-10-11 16:27:51.704644"], ["updated_at", "2017-10-11 16:27:51.704644"]]
  [1m[35m (0.5ms)[0m  [1m[35mCOMMIT[0m
  [1m[35m (0.2ms)[0m  [1m[35mBEGIN[0m
  [1m[35mSQL (3.0ms)[0m  [1m[32mINSERT INTO "countries" ("continent_id", "name", "size", "population", "language", "created_at", "updated_at") VALUES ($1, $2, $3, $4, $5, $6, $7) RETURNING "id"[0m  [["continent_id", 1], ["name", "Canada"], ["size", "really big"], ["population", "35000000 people"], ["language", "English"], ["created_at", "2017-10-11 16:27:51.757779"], ["updated_at", "2017-10-11 16:27:51.757779"]]
  [1m[35m (0.6ms)[0m  [1m[35mCOMMIT[0m
  [1m[35m (0.2ms)[0m  [1m[35mBEGIN[0m
  [1m[35mSQL (0.9ms)[0m  [1m[32mINSERT INTO "countries" ("continent_id", "name", "size", "population", "language", "created_at", "updated_at") VALUES ($1, $2, $3, $4, $5, $6, $7) RETURNING "id"[0m  [["continent_id", 1], ["name", "Mexico"], ["size", "skinny"], ["population", "65000000 people"], ["language", "Spanish"], ["created_at", "2017-10-11 16:27:51.765304"], ["updated_at", "2017-10-11 16:27:51.765304"]]
  [1m[35m (0.7ms)[0m  [1m[35mCOMMIT[0m
  [1m[35m (0.1ms)[0m  [1m[35mBEGIN[0m
  [1m[35mSQL (0.8ms)[0m  [1m[32mINSERT INTO "countries" ("continent_id", "name", "size", "population", "language", "created_at", "updated_at") VALUES ($1, $2, $3, $4, $5, $6, $7) RETURNING "id"[0m  [["continent_id", 1], ["name", "United States of America"], ["size", "smaller than Canada"], ["population", "360000000 people"], ["language", "Murican"], ["created_at", "2017-10-11 16:27:51.770099"], ["updated_at", "2017-10-11 16:27:51.770099"]]
  [1m[35m (0.6ms)[0m  [1m[35mCOMMIT[0m
  [1m[35m (0.1ms)[0m  [1m[35mBEGIN[0m
  [1m[35mSQL (0.8ms)[0m  [1m[32mINSERT INTO "countries" ("continent_id", "name", "size", "population", "language", "created_at", "updated_at") VALUES ($1, $2, $3, $4, $5, $6, $7) RETURNING "id"[0m  [["continent_id", 2], ["name", "Brazil"], ["size", "quite big"], ["population", "90000000 people"], ["language", "Portuguese"], ["created_at", "2017-10-11 16:27:51.774720"], ["updated_at", "2017-10-11 16:27:51.774720"]]
  [1m[35m (0.6ms)[0m  [1m[35mCOMMIT[0m
  [1m[35m (0.1ms)[0m  [1m[35mBEGIN[0m
  [1m[35mSQL (0.8ms)[0m  [1m[32mINSERT INTO "countries" ("continent_id", "name", "size", "population", "language", "created_at", "updated_at") VALUES ($1, $2, $3, $4, $5, $6, $7) RETURNING "id"[0m  [["continent_id", 3], ["name", "Argentina"], ["size", " big"], ["population", "30000000 people"], ["language", "Spanish"], ["created_at", "2017-10-11 16:27:51.779204"], ["updated_at", "2017-10-11 16:27:51.779204"]]
  [1m[35m (0.6ms)[0m  [1m[35mCOMMIT[0m
  [1m[35m (0.1ms)[0m  [1m[35mBEGIN[0m
  [1m[35mSQL (0.8ms)[0m  [1m[32mINSERT INTO "countries" ("continent_id", "name", "size", "population", "language", "created_at", "updated_at") VALUES ($1, $2, $3, $4, $5, $6, $7) RETURNING "id"[0m  [["continent_id", 3], ["name", "Australia"], ["size", "a big island"], ["population", "35000000 people"], ["language", "Australian"], ["created_at", "2017-10-11 16:27:51.783404"], ["updated_at", "2017-10-11 16:27:51.783404"]]
  [1m[35m (0.6ms)[0m  [1m[35mCOMMIT[0m
  [1m[35m (0.1ms)[0m  [1m[35mBEGIN[0m
  [1m[35mSQL (0.7ms)[0m  [1m[32mINSERT INTO "countries" ("continent_id", "name", "size", "population", "language", "created_at", "updated_at") VALUES ($1, $2, $3, $4, $5, $6, $7) RETURNING "id"[0m  [["continent_id", 3], ["name", "New Zealand"], ["size", "small few small islands"], ["population", "1000000 people"], ["language", "Kiwi"], ["created_at", "2017-10-11 16:27:51.787577"], ["updated_at", "2017-10-11 16:27:51.787577"]]
  [1m[35m (0.6ms)[0m  [1m[35mCOMMIT[0m
Started GET "/api/continents" for 127.0.0.1 at 2017-10-11 17:31:57 +0100
  [1m[35m (1.6ms)[0m  [1m[34mSELECT "schema_migrations"."version" FROM "schema_migrations" ORDER BY "schema_migrations"."version" ASC[0m
Processing by ContinentsController#index as */*
  Parameters: {"title"=>"Rick and Morty Ipsum", "content"=>"God, Grandpa, you're such a dick. I don't like it here Morty. I can't abide bureaucracy. I don't like being told where to go and what to do. I consider it a violation. Did you get those seeds all the way up your butt? Okay, take it easy Rick. T-that's dark. Aww, gee, you got me there, Rick.", "continent"=>{}}
  [1m[36mContinent Load (0.9ms)[0m  [1m[34mSELECT "continents".* FROM "continents"[0m
[active_model_serializers]   [1m[36mCountry Load (10.8ms)[0m  [1m[34mSELECT "countries".* FROM "countries" WHERE "countries"."continent_id" = $1[0m  [["continent_id", 1]]
[active_model_serializers]   [1m[36mCountry Load (0.6ms)[0m  [1m[34mSELECT "countries".* FROM "countries" WHERE "countries"."continent_id" = $1[0m  [["continent_id", 2]]
[active_model_serializers]   [1m[36mCountry Load (0.6ms)[0m  [1m[34mSELECT "countries".* FROM "countries" WHERE "countries"."continent_id" = $1[0m  [["continent_id", 3]]
[active_model_serializers] Rendered ActiveModel::Serializer::CollectionSerializer with ActiveModelSerializers::Adapter::Attributes (109.96ms)
Completed 200 OK in 208ms (Views: 179.4ms | ActiveRecord: 33.5ms)


Started GET "/api/countries" for 127.0.0.1 at 2017-10-11 17:32:34 +0100
Processing by CountriesController#index as */*
  Parameters: {"title"=>"Rick and Morty Ipsum", "content"=>"God, Grandpa, you're such a dick. I don't like it here Morty. I can't abide bureaucracy. I don't like being told where to go and what to do. I consider it a violation. Did you get those seeds all the way up your butt? Okay, take it easy Rick. T-that's dark. Aww, gee, you got me there, Rick.", "country"=>{}}
  [1m[36mCountry Load (4.7ms)[0m  [1m[34mSELECT "countries".* FROM "countries"[0m
[active_model_serializers]   [1m[36mContinent Load (2.0ms)[0m  [1m[34mSELECT  "continents".* FROM "continents" WHERE "continents"."id" = $1 LIMIT $2[0m  [["id", 1], ["LIMIT", 1]]
[active_model_serializers]   [1m[36mCACHE Continent Load (0.0ms)[0m  [1m[34mSELECT  "continents".* FROM "continents" WHERE "continents"."id" = $1 LIMIT $2[0m  [["id", 1], ["LIMIT", 1]]
[active_model_serializers]   [1m[36mCACHE Continent Load (0.0ms)[0m  [1m[34mSELECT  "continents".* FROM "continents" WHERE "continents"."id" = $1 LIMIT $2[0m  [["id", 1], ["LIMIT", 1]]
[active_model_serializers]   [1m[36mContinent Load (0.5ms)[0m  [1m[34mSELECT  "continents".* FROM "continents" WHERE "continents"."id" = $1 LIMIT $2[0m  [["id", 2], ["LIMIT", 1]]
[active_model_serializers]   [1m[36mContinent Load (0.8ms)[0m  [1m[34mSELECT  "continents".* FROM "continents" WHERE "continents"."id" = $1 LIMIT $2[0m  [["id", 3], ["LIMIT", 1]]
[active_model_serializers]   [1m[36mCACHE Continent Load (0.0ms)[0m  [1m[34mSELECT  "continents".* FROM "continents" WHERE "continents"."id" = $1 LIMIT $2[0m  [["id", 3], ["LIMIT", 1]]
[active_model_serializers]   [1m[36mCACHE Continent Load (0.0ms)[0m  [1m[34mSELECT  "continents".* FROM "continents" WHERE "continents"."id" = $1 LIMIT $2[0m  [["id", 3], ["LIMIT", 1]]
[active_model_serializers] Rendered ActiveModel::Serializer::CollectionSerializer with ActiveModelSerializers::Adapter::Attributes (23.95ms)
Completed 200 OK in 86ms (Views: 37.2ms | ActiveRecord: 47.9ms)


  [1m[35m (1.9ms)[0m  [1m[34mSELECT "schema_migrations"."version" FROM "schema_migrations" ORDER BY "schema_migrations"."version" ASC[0m
  [1m[35m (0.6ms)[0m  [1m[34mSELECT "ar_internal_metadata"."value" FROM "ar_internal_metadata" WHERE "ar_internal_metadata"."key" = $1[0m  [["key", "environment"]]
  [1m[35m (0.4ms)[0m  [1m[34mSELECT "schema_migrations"."version" FROM "schema_migrations" ORDER BY "schema_migrations"."version" ASC[0m
  [1m[35m (0.3ms)[0m  [1m[34mSELECT "ar_internal_metadata"."value" FROM "ar_internal_metadata" WHERE "ar_internal_metadata"."key" = $1[0m  [["key", "environment"]]
  [1m[35m (0.6ms)[0m  [1m[34mSELECT "schema_migrations"."version" FROM "schema_migrations" ORDER BY "schema_migrations"."version" ASC[0m
  [1m[35m (0.3ms)[0m  [1m[34mSELECT "ar_internal_metadata"."value" FROM "ar_internal_metadata" WHERE "ar_internal_metadata"."key" = $1[0m  [["key", "environment"]]
  [1m[35m (128.7ms)[0m  [1m[35mDROP DATABASE IF EXISTS "countries_development"[0m
  [1m[35m (135.1ms)[0m  [1m[35mDROP DATABASE IF EXISTS "countries_test"[0m
  [1m[35m (13.8ms)[0m  [1m[35mCREATE TABLE "schema_migrations" ("version" character varying NOT NULL PRIMARY KEY)[0m
  [1m[35m (5.1ms)[0m  [1m[35mCREATE TABLE "ar_internal_metadata" ("key" character varying NOT NULL PRIMARY KEY, "value" character varying, "created_at" timestamp NOT NULL, "updated_at" timestamp NOT NULL)[0m
  [1m[35m (0.4ms)[0m  [1m[34mSELECT pg_try_advisory_lock(1232016117488889915)[0m
  [1m[35m (3.6ms)[0m  [1m[34mSELECT "schema_migrations"."version" FROM "schema_migrations" ORDER BY "schema_migrations"."version" ASC[0m
Migrating to CreateContinents (20171011154202)
  [1m[35m (0.3ms)[0m  [1m[35mBEGIN[0m
  [1m[35m (8.3ms)[0m  [1m[35mCREATE TABLE "continents" ("id" bigserial primary key, "name" character varying, "created_at" timestamp NOT NULL, "updated_at" timestamp NOT NULL)[0m
  [1m[35mSQL (0.9ms)[0m  [1m[32mINSERT INTO "schema_migrations" ("version") VALUES ($1) RETURNING "version"[0m  [["version", "20171011154202"]]
  [1m[35m (0.7ms)[0m  [1m[35mCOMMIT[0m
Migrating to CreateCountries (20171011154420)
  [1m[35m (0.4ms)[0m  [1m[35mBEGIN[0m
  [1m[35m (10.0ms)[0m  [1m[35mCREATE TABLE "countries" ("id" bigserial primary key, "continent_id" bigint, "name" text, "size" text, "population" text, "language" text, "created_at" timestamp NOT NULL, "updated_at" timestamp NOT NULL, CONSTRAINT "fk_rails_2466589137"
FOREIGN KEY ("continent_id")
  REFERENCES "continents" ("id")
)[0m
  [1m[35m (1.8ms)[0m  [1m[35mCREATE  INDEX  "index_countries_on_continent_id" ON "countries"  ("continent_id")[0m
  [1m[35mSQL (0.6ms)[0m  [1m[32mINSERT INTO "schema_migrations" ("version") VALUES ($1) RETURNING "version"[0m  [["version", "20171011154420"]]
  [1m[35m (0.7ms)[0m  [1m[35mCOMMIT[0m
  [1m[36mActiveRecord::InternalMetadata Load (3.8ms)[0m  [1m[34mSELECT  "ar_internal_metadata".* FROM "ar_internal_metadata" WHERE "ar_internal_metadata"."key" = $1 LIMIT $2[0m  [["key", "environment"], ["LIMIT", 1]]
  [1m[35m (0.3ms)[0m  [1m[35mBEGIN[0m
  [1m[35mSQL (0.9ms)[0m  [1m[32mINSERT INTO "ar_internal_metadata" ("key", "value", "created_at", "updated_at") VALUES ($1, $2, $3, $4) RETURNING "key"[0m  [["key", "environment"], ["value", "development"], ["created_at", "2017-10-11 16:34:31.483660"], ["updated_at", "2017-10-11 16:34:31.483660"]]
  [1m[35m (0.4ms)[0m  [1m[35mCOMMIT[0m
  [1m[35m (0.4ms)[0m  [1m[34mSELECT pg_advisory_unlock(1232016117488889915)[0m
  [1m[35m (0.7ms)[0m  [1m[34mSELECT "schema_migrations"."version" FROM "schema_migrations" ORDER BY "schema_migrations"."version" ASC[0m
  [1m[35m (1.5ms)[0m  [1m[34mSELECT "schema_migrations"."version" FROM "schema_migrations" ORDER BY "schema_migrations"."version" ASC[0m
  [1m[35m (0.2ms)[0m  [1m[35mBEGIN[0m
  [1m[36mContinent Exists (1.4ms)[0m  [1m[34mSELECT  1 AS one FROM "continents" WHERE "continents"."name" = $1 LIMIT $2[0m  [["name", "North America"], ["LIMIT", 1]]
  [1m[35mSQL (1.0ms)[0m  [1m[32mINSERT INTO "continents" ("name", "created_at", "updated_at") VALUES ($1, $2, $3) RETURNING "id"[0m  [["name", "North America"], ["created_at", "2017-10-11 16:34:39.218566"], ["updated_at", "2017-10-11 16:34:39.218566"]]
  [1m[35m (0.7ms)[0m  [1m[35mCOMMIT[0m
  [1m[35m (0.1ms)[0m  [1m[35mBEGIN[0m
  [1m[36mContinent Exists (0.5ms)[0m  [1m[34mSELECT  1 AS one FROM "continents" WHERE "continents"."name" = $1 LIMIT $2[0m  [["name", "South America"], ["LIMIT", 1]]
  [1m[35mSQL (0.5ms)[0m  [1m[32mINSERT INTO "continents" ("name", "created_at", "updated_at") VALUES ($1, $2, $3) RETURNING "id"[0m  [["name", "South America"], ["created_at", "2017-10-11 16:34:39.223997"], ["updated_at", "2017-10-11 16:34:39.223997"]]
  [1m[35m (0.5ms)[0m  [1m[35mCOMMIT[0m
  [1m[35m (0.1ms)[0m  [1m[35mBEGIN[0m
  [1m[36mContinent Exists (0.4ms)[0m  [1m[34mSELECT  1 AS one FROM "continents" WHERE "continents"."name" = $1 LIMIT $2[0m  [["name", "Australia"], ["LIMIT", 1]]
  [1m[35mSQL (0.5ms)[0m  [1m[32mINSERT INTO "continents" ("name", "created_at", "updated_at") VALUES ($1, $2, $3) RETURNING "id"[0m  [["name", "Australia"], ["created_at", "2017-10-11 16:34:39.227927"], ["updated_at", "2017-10-11 16:34:39.227927"]]
  [1m[35m (0.6ms)[0m  [1m[35mCOMMIT[0m
  [1m[35m (0.2ms)[0m  [1m[35mBEGIN[0m
  [1m[35mSQL (2.9ms)[0m  [1m[32mINSERT INTO "countries" ("continent_id", "name", "size", "population", "language", "created_at", "updated_at") VALUES ($1, $2, $3, $4, $5, $6, $7) RETURNING "id"[0m  [["continent_id", 1], ["name", "Canada"], ["size", "really big"], ["population", "35000000 people"], ["language", "English"], ["created_at", "2017-10-11 16:34:39.273905"], ["updated_at", "2017-10-11 16:34:39.273905"]]
  [1m[35m (0.5ms)[0m  [1m[35mCOMMIT[0m
  [1m[35m (0.1ms)[0m  [1m[35mBEGIN[0m
  [1m[35mSQL (0.8ms)[0m  [1m[32mINSERT INTO "countries" ("continent_id", "name", "size", "population", "language", "created_at", "updated_at") VALUES ($1, $2, $3, $4, $5, $6, $7) RETURNING "id"[0m  [["continent_id", 1], ["name", "Mexico"], ["size", "skinny"], ["population", "65000000 people"], ["language", "Spanish"], ["created_at", "2017-10-11 16:34:39.280834"], ["updated_at", "2017-10-11 16:34:39.280834"]]
  [1m[35m (0.6ms)[0m  [1m[35mCOMMIT[0m
  [1m[35m (0.1ms)[0m  [1m[35mBEGIN[0m
  [1m[35mSQL (0.8ms)[0m  [1m[32mINSERT INTO "countries" ("continent_id", "name", "size", "population", "language", "created_at", "updated_at") VALUES ($1, $2, $3, $4, $5, $6, $7) RETURNING "id"[0m  [["continent_id", 1], ["name", "United States of America"], ["size", "smaller than Canada"], ["population", "360000000 people"], ["language", "Murican"], ["created_at", "2017-10-11 16:34:39.285110"], ["updated_at", "2017-10-11 16:34:39.285110"]]
  [1m[35m (0.5ms)[0m  [1m[35mCOMMIT[0m
  [1m[35m (0.1ms)[0m  [1m[35mBEGIN[0m
  [1m[35mSQL (0.8ms)[0m  [1m[32mINSERT INTO "countries" ("continent_id", "name", "size", "population", "language", "created_at", "updated_at") VALUES ($1, $2, $3, $4, $5, $6, $7) RETURNING "id"[0m  [["continent_id", 2], ["name", "Brazil"], ["size", "quite big"], ["population", "90000000 people"], ["language", "Portuguese"], ["created_at", "2017-10-11 16:34:39.289723"], ["updated_at", "2017-10-11 16:34:39.289723"]]
  [1m[35m (0.6ms)[0m  [1m[35mCOMMIT[0m
  [1m[35m (0.1ms)[0m  [1m[35mBEGIN[0m
  [1m[35mSQL (0.8ms)[0m  [1m[32mINSERT INTO "countries" ("continent_id", "name", "size", "population", "language", "created_at", "updated_at") VALUES ($1, $2, $3, $4, $5, $6, $7) RETURNING "id"[0m  [["continent_id", 2], ["name", "Argentina"], ["size", " big"], ["population", "30000000 people"], ["language", "Spanish"], ["created_at", "2017-10-11 16:34:39.293968"], ["updated_at", "2017-10-11 16:34:39.293968"]]
  [1m[35m (0.6ms)[0m  [1m[35mCOMMIT[0m
  [1m[35m (0.1ms)[0m  [1m[35mBEGIN[0m
  [1m[35mSQL (0.8ms)[0m  [1m[32mINSERT INTO "countries" ("continent_id", "name", "size", "population", "language", "created_at", "updated_at") VALUES ($1, $2, $3, $4, $5, $6, $7) RETURNING "id"[0m  [["continent_id", 3], ["name", "Australia"], ["size", "a big island"], ["population", "35000000 people"], ["language", "Australian"], ["created_at", "2017-10-11 16:34:39.298442"], ["updated_at", "2017-10-11 16:34:39.298442"]]
  [1m[35m (0.6ms)[0m  [1m[35mCOMMIT[0m
  [1m[35m (0.1ms)[0m  [1m[35mBEGIN[0m
  [1m[35mSQL (0.6ms)[0m  [1m[32mINSERT INTO "countries" ("continent_id", "name", "size", "population", "language", "created_at", "updated_at") VALUES ($1, $2, $3, $4, $5, $6, $7) RETURNING "id"[0m  [["continent_id", 3], ["name", "New Zealand"], ["size", "small few small islands"], ["population", "1000000 people"], ["language", "Kiwi"], ["created_at", "2017-10-11 16:34:39.302815"], ["updated_at", "2017-10-11 16:34:39.302815"]]
  [1m[35m (0.6ms)[0m  [1m[35mCOMMIT[0m
