Arguments: 
  /Users/mardzy/.nvm/versions/node/v8.3.0/bin/node /usr/local/Cellar/yarn/1.0.1/libexec/bin/yarn.js

PATH: 
  /Users/mardzy/.rbenv/shims:/Users/mardzy/.rbenv/shims:/Users/mardzy/.nvm/versions/node/v8.3.0/bin:/Users/mardzy/bin:/usr/local/bin:/usr/local/bin:/usr/bin:/bin:/usr/sbin:/sbin:/Library/Frameworks/Mono.framework/Versions/Current/Commands:/Applications/Postgres.app/Contents/Versions/latest/bin

Yarn version: 
  1.0.1

Node version: 
  8.3.0

Platform: 
  darwin x64

npm manifest: 
  {
    "name": "angular-http",
    "version": "1.0.0",
    "main": "index.js",
    "scripts": {
    "postinstall": "bower install && gulp deploy",
    "seed": "node db/seeds"
  },
    "license": "MIT",
    "gulp": {
      "srcDir": "src/",
      "destDir": "public/",
      "src": {
        "js": "src/js/",
        "scss": "src/scss/",
        "fonts": "src/fonts/",
        "images": "src/images/"
      },
      "dest": {
        "js": "public/js/",
        "css": "public/css/",
        "fonts": "public/fonts/",
        "images": "public/images/"
      },
      "main": {
        "js": "app.js",
        "index": "index.html",
        "scss": "style.scss",
        "server": "index.js",
        "gulpfile": "gulpfile.js",
        "packageJson": "package.json"
      },
      "vendor": {
        "js": "vendor.js",
        "css": "vendor.css"
      },
      "output": {
        "js": "app.js",
        "css": "style.css"
      },
      "selectors": {
        "all": "*",
        "js": "**/*.js",
        "css": "**/*.css",
        "scss": "**/*.scss",
        "html": "**/*.html",
        "images": "**/*.{png,jpg,jpeg,gif,ico}",
        "fonts": "**/*.{eot,svg,ttf,woff,woff2}"
      }
    },
    "dependencies": {
      "bluebird": "^3.5.0",
      "body-parser": "^1.17.1",
      "cors": "^2.8.3",
      "express": "^4.15.2",
      "mongoose": "^4.9.7",
      "morgan": "^1.8.1"
    },
    "devDependencies": {
      "babel-cli": "^6.18.0",
      "babel-preset-es2015": "^6.18.0",
      "bower": "^1.8.0",
      "browser-sync": "^2.17.6",
      "event-stream": "^3.3.4",
      "gulp": "^3.9.1",
      "gulp-autoprefixer": "^3.1.1",
      "gulp-babel": "^6.1.2",
      "gulp-clean": "^0.3.2",
      "gulp-concat": "^2.6.0",
      "gulp-htmlhint": "^0.3.1",
      "gulp-htmlmin": "^3.0.0",
      "gulp-if": "^2.0.2",
      "gulp-imagemin": "^3.1.1",
      "gulp-inject": "^4.1.0",
      "gulp-jshint": "^2.0.2",
      "gulp-minify-css": "^1.2.4",
      "gulp-nodemon": "^2.2.1",
      "gulp-notify": "^2.2.0",
      "gulp-order": "^1.1.1",
      "gulp-plumber": "^1.1.0",
      "gulp-rename": "^1.2.2",
      "gulp-replace": "^0.5.4",
      "gulp-sass": "^2.3.2",
      "gulp-sourcemaps": "^2.2.0",
      "gulp-strip-css-comments": "^1.2.0",
      "gulp-uglify": "^2.0.0",
      "htmlhint-stylish": "^1.0.3",
      "jshint": "^2.9.4",
      "jshint-stylish": "^2.2.1",
      "main-bower-files": "^2.13.1",
      "require-dir": "^0.3.2"
    }
  }

yarn manifest: 
  No manifest

Lockfile: 
  No lockfile

Trace: 
  Error: EEXIST: file already exists, mkdir '/Users/mardzy/development/WDI_LDN_29_HOMEWORK/Mardzy/w06d02/node_modules'
